build 3rd-party software ...
mpicc  -I./src -DMPI -DUSEMPIIO -DUNDERSCORE -DUSE_USR_EXIT -DPREFIX=gslib_ -DFPREFIX=fgslib_ -DGLOBAL_LONG_LONG -c src/gs.c -o src/gs.o
mpicc  -I./src -DMPI -DUSEMPIIO -DUNDERSCORE -DUSE_USR_EXIT -DPREFIX=gslib_ -DFPREFIX=fgslib_ -DGLOBAL_LONG_LONG -c src/sort.c -o src/sort.o
mpicc  -I./src -DMPI -DUSEMPIIO -DUNDERSCORE -DUSE_USR_EXIT -DPREFIX=gslib_ -DFPREFIX=fgslib_ -DGLOBAL_LONG_LONG -c src/sarray_transfer.c -o src/sarray_transfer.o
mpicc  -I./src -DMPI -DUSEMPIIO -DUNDERSCORE -DUSE_USR_EXIT -DPREFIX=gslib_ -DFPREFIX=fgslib_ -DGLOBAL_LONG_LONG -c src/sarray_sort.c -o src/sarray_sort.o
mpicc  -I./src -DMPI -DUSEMPIIO -DUNDERSCORE -DUSE_USR_EXIT -DPREFIX=gslib_ -DFPREFIX=fgslib_ -DGLOBAL_LONG_LONG -c src/gs_local.c -o src/gs_local.o
mpicc  -I./src -DMPI -DUSEMPIIO -DUNDERSCORE -DUSE_USR_EXIT -DPREFIX=gslib_ -DFPREFIX=fgslib_ -DGLOBAL_LONG_LONG -c src/fail.c -o src/fail.o
mpicc  -I./src -DMPI -DUSEMPIIO -DUNDERSCORE -DUSE_USR_EXIT -DPREFIX=gslib_ -DFPREFIX=fgslib_ -DGLOBAL_LONG_LONG -c src/crystal.c -o src/crystal.o
mpicc  -I./src -DMPI -DUSEMPIIO -DUNDERSCORE -DUSE_USR_EXIT -DPREFIX=gslib_ -DFPREFIX=fgslib_ -DGLOBAL_LONG_LONG -c src/comm.c -o src/comm.o
mpicc  -I./src -DMPI -DUSEMPIIO -DUNDERSCORE -DUSE_USR_EXIT -DPREFIX=gslib_ -DFPREFIX=fgslib_ -DGLOBAL_LONG_LONG -c src/tensor.c -o src/tensor.o
mpicc  -I./src -DMPI -DUSEMPIIO -DUNDERSCORE -DUSE_USR_EXIT -DPREFIX=gslib_ -DFPREFIX=fgslib_ -DGLOBAL_LONG_LONG -c src/sparse_cholesky.c -o src/sparse_cholesky.o
mpicc  -I./src -DMPI -DUSEMPIIO -DUNDERSCORE -DUSE_USR_EXIT -DPREFIX=gslib_ -DFPREFIX=fgslib_ -DGLOBAL_LONG_LONG -c src/xxt.c -o src/xxt.o
mpicc  -I./src -DMPI -DUSEMPIIO -DUNDERSCORE -DUSE_USR_EXIT -DPREFIX=gslib_ -DFPREFIX=fgslib_ -DGLOBAL_LONG_LONG -c src/amg.c -o src/amg.o
mpicc  -I./src -DMPI -DUSEMPIIO -DUNDERSCORE -DUSE_USR_EXIT -DPREFIX=gslib_ -DFPREFIX=fgslib_ -DGLOBAL_LONG_LONG -c src/fcrystal.c -o src/fcrystal.o
mpicc  -I./src -DMPI -DUSEMPIIO -DUNDERSCORE -DUSE_USR_EXIT -DPREFIX=gslib_ -DFPREFIX=fgslib_ -DGLOBAL_LONG_LONG -c src/fcrs.c -o src/fcrs.o
mpicc  -I./src -DMPI -DUSEMPIIO -DUNDERSCORE -DUSE_USR_EXIT -DPREFIX=gslib_ -DFPREFIX=fgslib_ -DGLOBAL_LONG_LONG -c src/findpts.c -o src/findpts.o
mpicc  -I./src -DMPI -DUSEMPIIO -DUNDERSCORE -DUSE_USR_EXIT -DPREFIX=gslib_ -DFPREFIX=fgslib_ -DGLOBAL_LONG_LONG -c src/findpts_local.c -o src/findpts_local.o
mpicc  -I./src -DMPI -DUSEMPIIO -DUNDERSCORE -DUSE_USR_EXIT -DPREFIX=gslib_ -DFPREFIX=fgslib_ -DGLOBAL_LONG_LONG -c src/obbox.c -o src/obbox.o
mpicc  -I./src -DMPI -DUSEMPIIO -DUNDERSCORE -DUSE_USR_EXIT -DPREFIX=gslib_ -DFPREFIX=fgslib_ -DGLOBAL_LONG_LONG -c src/poly.c -o src/poly.o
mpicc  -I./src -DMPI -DUSEMPIIO -DUNDERSCORE -DUSE_USR_EXIT -DPREFIX=gslib_ -DFPREFIX=fgslib_ -DGLOBAL_LONG_LONG -c src/lob_bnd.c -o src/lob_bnd.o
mpicc  -I./src -DMPI -DUSEMPIIO -DUNDERSCORE -DUSE_USR_EXIT -DPREFIX=gslib_ -DFPREFIX=fgslib_ -DGLOBAL_LONG_LONG -c src/findpts_el_3.c -o src/findpts_el_3.o
mpicc  -I./src -DMPI -DUSEMPIIO -DUNDERSCORE -DUSE_USR_EXIT -DPREFIX=gslib_ -DFPREFIX=fgslib_ -DGLOBAL_LONG_LONG -c src/findpts_el_2.c -o src/findpts_el_2.o
mpicc  -I./src -DMPI -DUSEMPIIO -DUNDERSCORE -DUSE_USR_EXIT -DPREFIX=gslib_ -DFPREFIX=fgslib_ -DGLOBAL_LONG_LONG -c src/rand_elt_test.c -o src/rand_elt_test.o
'./src/libgs.a' -> '/g/g19/trokon/workspace/cmt_Nek_BE_Instrumentation_repo/3rd_party/gslib/gslib-1.0.1/../lib/libgs.a'
mpif77 -c  -O2 -r8 -fpconstant -fpp -DLPM -DMPI -DUNDERSCORE -DTIMER -I/g/g19/trokon/workspace/cmt_Nek_BE_Instrumentation_repo/run/lpm_annulus/quartz_workspace/temp2 -I/g/g19/trokon/workspace/cmt_Nek_BE_Instrumentation_repo/core -I./ /g/g19/trokon/workspace/cmt_Nek_BE_Instrumentation_repo/core/drive.f -o obj/drive.o
mpif77 -c  -O2 -r8 -fpconstant -fpp -DLPM -DMPI -DUNDERSCORE -DTIMER -I/g/g19/trokon/workspace/cmt_Nek_BE_Instrumentation_repo/run/lpm_annulus/quartz_workspace/temp2 -I/g/g19/trokon/workspace/cmt_Nek_BE_Instrumentation_repo/core -I./ /g/g19/trokon/workspace/cmt_Nek_BE_Instrumentation_repo/core/drive1.f -o obj/drive1.o
mpif77 -c  -O2 -r8 -fpconstant -fpp -DLPM -DMPI -DUNDERSCORE -DTIMER -I/g/g19/trokon/workspace/cmt_Nek_BE_Instrumentation_repo/run/lpm_annulus/quartz_workspace/temp2 -I/g/g19/trokon/workspace/cmt_Nek_BE_Instrumentation_repo/core -I./ /g/g19/trokon/workspace/cmt_Nek_BE_Instrumentation_repo/core/drive2.f -o obj/drive2.o
mpif77 -c  -O2 -r8 -fpconstant -fpp -DLPM -DMPI -DUNDERSCORE -DTIMER -I/g/g19/trokon/workspace/cmt_Nek_BE_Instrumentation_repo/run/lpm_annulus/quartz_workspace/temp2 -I/g/g19/trokon/workspace/cmt_Nek_BE_Instrumentation_repo/core -I./ /g/g19/trokon/workspace/cmt_Nek_BE_Instrumentation_repo/core/plan5.f -o obj/plan5.o
mpif77 -c  -O2 -r8 -fpconstant -fpp -DLPM -DMPI -DUNDERSCORE -DTIMER -I/g/g19/trokon/workspace/cmt_Nek_BE_Instrumentation_repo/run/lpm_annulus/quartz_workspace/temp2 -I/g/g19/trokon/workspace/cmt_Nek_BE_Instrumentation_repo/core -I./ /g/g19/trokon/workspace/cmt_Nek_BE_Instrumentation_repo/core/plan4.f -o obj/plan4.o
mpif77 -c  -O2 -r8 -fpconstant -fpp -DLPM -DMPI -DUNDERSCORE -DTIMER -I/g/g19/trokon/workspace/cmt_Nek_BE_Instrumentation_repo/run/lpm_annulus/quartz_workspace/temp2 -I/g/g19/trokon/workspace/cmt_Nek_BE_Instrumentation_repo/core -I./ /g/g19/trokon/workspace/cmt_Nek_BE_Instrumentation_repo/core/bdry.f -o obj/bdry.o
mpif77 -c  -O2 -r8 -fpconstant -fpp -DLPM -DMPI -DUNDERSCORE -DTIMER -I/g/g19/trokon/workspace/cmt_Nek_BE_Instrumentation_repo/run/lpm_annulus/quartz_workspace/temp2 -I/g/g19/trokon/workspace/cmt_Nek_BE_Instrumentation_repo/core -I./ /g/g19/trokon/workspace/cmt_Nek_BE_Instrumentation_repo/core/coef.f -o obj/coef.o
mpif77 -c  -O2 -r8 -fpconstant -fpp -DLPM -DMPI -DUNDERSCORE -DTIMER -I/g/g19/trokon/workspace/cmt_Nek_BE_Instrumentation_repo/run/lpm_annulus/quartz_workspace/temp2 -I/g/g19/trokon/workspace/cmt_Nek_BE_Instrumentation_repo/core -I./ /g/g19/trokon/workspace/cmt_Nek_BE_Instrumentation_repo/core/conduct.f -o obj/conduct.o
mpif77 -c  -O2 -r8 -fpconstant -fpp -DLPM -DMPI -DUNDERSCORE -DTIMER -I/g/g19/trokon/workspace/cmt_Nek_BE_Instrumentation_repo/run/lpm_annulus/quartz_workspace/temp2 -I/g/g19/trokon/workspace/cmt_Nek_BE_Instrumentation_repo/core -I./ /g/g19/trokon/workspace/cmt_Nek_BE_Instrumentation_repo/core/connect1.f -o obj/connect1.o
mpif77 -c  -O2 -r8 -fpconstant -fpp -DLPM -DMPI -DUNDERSCORE -DTIMER -I/g/g19/trokon/workspace/cmt_Nek_BE_Instrumentation_repo/run/lpm_annulus/quartz_workspace/temp2 -I/g/g19/trokon/workspace/cmt_Nek_BE_Instrumentation_repo/core -I./ /g/g19/trokon/workspace/cmt_Nek_BE_Instrumentation_repo/core/connect2.f -o obj/connect2.o
mpif77 -c  -O2 -r8 -fpconstant -fpp -DLPM -DMPI -DUNDERSCORE -DTIMER -I/g/g19/trokon/workspace/cmt_Nek_BE_Instrumentation_repo/run/lpm_annulus/quartz_workspace/temp2 -I/g/g19/trokon/workspace/cmt_Nek_BE_Instrumentation_repo/core -I./ /g/g19/trokon/workspace/cmt_Nek_BE_Instrumentation_repo/core/dssum.f -o obj/dssum.o
mpif77 -c  -O2 -r8 -fpconstant -fpp -DLPM -DMPI -DUNDERSCORE -DTIMER -I/g/g19/trokon/workspace/cmt_Nek_BE_Instrumentation_repo/run/lpm_annulus/quartz_workspace/temp2 -I/g/g19/trokon/workspace/cmt_Nek_BE_Instrumentation_repo/core -I./ /g/g19/trokon/workspace/cmt_Nek_BE_Instrumentation_repo/core/edgec.f -o obj/edgec.o
mpif77 -c  -O2 -r8 -fpconstant -fpp -DLPM -DMPI -DUNDERSCORE -DTIMER -I/g/g19/trokon/workspace/cmt_Nek_BE_Instrumentation_repo/run/lpm_annulus/quartz_workspace/temp2 -I/g/g19/trokon/workspace/cmt_Nek_BE_Instrumentation_repo/core -I./ /g/g19/trokon/workspace/cmt_Nek_BE_Instrumentation_repo/core/eigsolv.f -o obj/eigsolv.o
mpif77 -c  -O2 -r8 -fpconstant -fpp -DLPM -DMPI -DUNDERSCORE -DTIMER -I/g/g19/trokon/workspace/cmt_Nek_BE_Instrumentation_repo/run/lpm_annulus/quartz_workspace/temp2 -I/g/g19/trokon/workspace/cmt_Nek_BE_Instrumentation_repo/core -I./ /g/g19/trokon/workspace/cmt_Nek_BE_Instrumentation_repo/core/gauss.f -o obj/gauss.o
mpif77 -c  -O2 -r8 -fpconstant -fpp -DLPM -DMPI -DUNDERSCORE -DTIMER -I/g/g19/trokon/workspace/cmt_Nek_BE_Instrumentation_repo/run/lpm_annulus/quartz_workspace/temp2 -I/g/g19/trokon/workspace/cmt_Nek_BE_Instrumentation_repo/core -I./ /g/g19/trokon/workspace/cmt_Nek_BE_Instrumentation_repo/core/genxyz.f -o obj/genxyz.o
mpif77 -c  -O2 -r8 -fpconstant -fpp -DLPM -DMPI -DUNDERSCORE -DTIMER -I/g/g19/trokon/workspace/cmt_Nek_BE_Instrumentation_repo/run/lpm_annulus/quartz_workspace/temp2 -I/g/g19/trokon/workspace/cmt_Nek_BE_Instrumentation_repo/core -I./ /g/g19/trokon/workspace/cmt_Nek_BE_Instrumentation_repo/core/navier1.f -o obj/navier1.o
mpif77 -c  -O2 -r8 -fpconstant -fpp -DLPM -DMPI -DUNDERSCORE -DTIMER -I/g/g19/trokon/workspace/cmt_Nek_BE_Instrumentation_repo/run/lpm_annulus/quartz_workspace/temp2 -I/g/g19/trokon/workspace/cmt_Nek_BE_Instrumentation_repo/core -I./ /g/g19/trokon/workspace/cmt_Nek_BE_Instrumentation_repo/core/makeq.f -o obj/makeq.o
mpif77 -c  -O2 -r8 -fpconstant -fpp -DLPM -DMPI -DUNDERSCORE -DTIMER -I/g/g19/trokon/workspace/cmt_Nek_BE_Instrumentation_repo/run/lpm_annulus/quartz_workspace/temp2 -I/g/g19/trokon/workspace/cmt_Nek_BE_Instrumentation_repo/core -I./ /g/g19/trokon/workspace/cmt_Nek_BE_Instrumentation_repo/core/navier0.f -o obj/navier0.o
mpif77 -c  -O2 -r8 -fpconstant -fpp -DLPM -DMPI -DUNDERSCORE -DTIMER -I/g/g19/trokon/workspace/cmt_Nek_BE_Instrumentation_repo/run/lpm_annulus/quartz_workspace/temp2 -I/g/g19/trokon/workspace/cmt_Nek_BE_Instrumentation_repo/core -I./ /g/g19/trokon/workspace/cmt_Nek_BE_Instrumentation_repo/core/navier2.f -o obj/navier2.o
mpif77 -c  -O2 -r8 -fpconstant -fpp -DLPM -DMPI -DUNDERSCORE -DTIMER -I/g/g19/trokon/workspace/cmt_Nek_BE_Instrumentation_repo/run/lpm_annulus/quartz_workspace/temp2 -I/g/g19/trokon/workspace/cmt_Nek_BE_Instrumentation_repo/core -I./ /g/g19/trokon/workspace/cmt_Nek_BE_Instrumentation_repo/core/navier3.f -o obj/navier3.o
mpif77 -c  -O2 -r8 -fpconstant -fpp -DLPM -DMPI -DUNDERSCORE -DTIMER -I/g/g19/trokon/workspace/cmt_Nek_BE_Instrumentation_repo/run/lpm_annulus/quartz_workspace/temp2 -I/g/g19/trokon/workspace/cmt_Nek_BE_Instrumentation_repo/core -I./ /g/g19/trokon/workspace/cmt_Nek_BE_Instrumentation_repo/core/navier4.f -o obj/navier4.o
mpif77 -c  -O2 -r8 -fpconstant -fpp -DLPM -DMPI -DUNDERSCORE -DTIMER -I/g/g19/trokon/workspace/cmt_Nek_BE_Instrumentation_repo/run/lpm_annulus/quartz_workspace/temp2 -I/g/g19/trokon/workspace/cmt_Nek_BE_Instrumentation_repo/core -I./ /g/g19/trokon/workspace/cmt_Nek_BE_Instrumentation_repo/core/prepost.f -o obj/prepost.o
mpif77 -c  -O2 -r8 -fpconstant -fpp -DLPM -DMPI -DUNDERSCORE -DTIMER -I/g/g19/trokon/workspace/cmt_Nek_BE_Instrumentation_repo/run/lpm_annulus/quartz_workspace/temp2 -I/g/g19/trokon/workspace/cmt_Nek_BE_Instrumentation_repo/core -I./ /g/g19/trokon/workspace/cmt_Nek_BE_Instrumentation_repo/core/speclib.f -o obj/speclib.o
/g/g19/trokon/workspace/cmt_Nek_BE_Instrumentation_repo/core/navier1.f(3259): warning #6371: A jump into a block from outside the block may have occurred.   [101]
      if (.not. ifdeal(ifield)) goto 101
-------------------------------------^
mpif77 -c  -O2 -r8 -fpconstant -fpp -DLPM -DMPI -DUNDERSCORE -DTIMER -I/g/g19/trokon/workspace/cmt_Nek_BE_Instrumentation_repo/run/lpm_annulus/quartz_workspace/temp2 -I/g/g19/trokon/workspace/cmt_Nek_BE_Instrumentation_repo/core -I./ /g/g19/trokon/workspace/cmt_Nek_BE_Instrumentation_repo/core/map2.f -o obj/map2.o
mpif77 -c  -O2 -r8 -fpconstant -fpp -DLPM -DMPI -DUNDERSCORE -DTIMER -I/g/g19/trokon/workspace/cmt_Nek_BE_Instrumentation_repo/run/lpm_annulus/quartz_workspace/temp2 -I/g/g19/trokon/workspace/cmt_Nek_BE_Instrumentation_repo/core -I./ /g/g19/trokon/workspace/cmt_Nek_BE_Instrumentation_repo/core/mvmesh.f -o obj/mvmesh.o
mpif77 -c  -O2 -r8 -fpconstant -fpp -DLPM -DMPI -DUNDERSCORE -DTIMER -I/g/g19/trokon/workspace/cmt_Nek_BE_Instrumentation_repo/run/lpm_annulus/quartz_workspace/temp2 -I/g/g19/trokon/workspace/cmt_Nek_BE_Instrumentation_repo/core -I./ /g/g19/trokon/workspace/cmt_Nek_BE_Instrumentation_repo/core/ic.f -o obj/ic.o
mpif77 -c  -O2 -r8 -fpconstant -fpp -DLPM -DMPI -DUNDERSCORE -DTIMER -I/g/g19/trokon/workspace/cmt_Nek_BE_Instrumentation_repo/run/lpm_annulus/quartz_workspace/temp2 -I/g/g19/trokon/workspace/cmt_Nek_BE_Instrumentation_repo/core -I./ /g/g19/trokon/workspace/cmt_Nek_BE_Instrumentation_repo/core/gfldr.f -o obj/gfldr.o
/g/g19/trokon/workspace/cmt_Nek_BE_Instrumentation_repo/core/gfldr.f(149): remark #8291: Recommended relationship between field width 'W' and the number of fractional digits 'D' in this edit descriptor is 'W>=D+7'.
      if(nio.eq.0) write(6,'(A,1(1g8.2),A)')
-----------------------------------^
mpif77 -c  -O2 -r8 -fpconstant -fpp -DLPM -DMPI -DUNDERSCORE -DTIMER -I/g/g19/trokon/workspace/cmt_Nek_BE_Instrumentation_repo/run/lpm_annulus/quartz_workspace/temp2 -I/g/g19/trokon/workspace/cmt_Nek_BE_Instrumentation_repo/core -I./ /g/g19/trokon/workspace/cmt_Nek_BE_Instrumentation_repo/core/ssolv.f -o obj/ssolv.o
mpif77 -c  -O2 -r8 -fpconstant -fpp -DLPM -DMPI -DUNDERSCORE -DTIMER -I/g/g19/trokon/workspace/cmt_Nek_BE_Instrumentation_repo/run/lpm_annulus/quartz_workspace/temp2 -I/g/g19/trokon/workspace/cmt_Nek_BE_Instrumentation_repo/core -I./ /g/g19/trokon/workspace/cmt_Nek_BE_Instrumentation_repo/core/planx.f -o obj/planx.o
mpif77 -c  -O3 -r8 -fpconstant -fpp -DLPM -DMPI -DUNDERSCORE -DTIMER -I/g/g19/trokon/workspace/cmt_Nek_BE_Instrumentation_repo/run/lpm_annulus/quartz_workspace/temp2 -I/g/g19/trokon/workspace/cmt_Nek_BE_Instrumentation_repo/core -I./ /g/g19/trokon/workspace/cmt_Nek_BE_Instrumentation_repo/core/math.f -o obj/math.o
mpif77 -c  -O2 -r8 -fpconstant -fpp -DLPM -DMPI -DUNDERSCORE -DTIMER -I/g/g19/trokon/workspace/cmt_Nek_BE_Instrumentation_repo/run/lpm_annulus/quartz_workspace/temp2 -I/g/g19/trokon/workspace/cmt_Nek_BE_Instrumentation_repo/core -I./ /g/g19/trokon/workspace/cmt_Nek_BE_Instrumentation_repo/core/mxm_wrapper.f -o obj/mxm_wrapper.o 
mpif77 -c  -O2 -r8 -fpconstant -fpp -DLPM -DMPI -DUNDERSCORE -DTIMER -I/g/g19/trokon/workspace/cmt_Nek_BE_Instrumentation_repo/run/lpm_annulus/quartz_workspace/temp2 -I/g/g19/trokon/workspace/cmt_Nek_BE_Instrumentation_repo/core -I./ /g/g19/trokon/workspace/cmt_Nek_BE_Instrumentation_repo/core/hmholtz.f -o obj/hmholtz.o
mpif77 -c  -O2 -r8 -fpconstant -fpp -DLPM -DMPI -DUNDERSCORE -DTIMER -I/g/g19/trokon/workspace/cmt_Nek_BE_Instrumentation_repo/run/lpm_annulus/quartz_workspace/temp2 -I/g/g19/trokon/workspace/cmt_Nek_BE_Instrumentation_repo/core -I./ /g/g19/trokon/workspace/cmt_Nek_BE_Instrumentation_repo/core/gfdm_par.f -o obj/gfdm_par.o
mpif77 -c  -O2 -r8 -fpconstant -fpp -DLPM -DMPI -DUNDERSCORE -DTIMER -I/g/g19/trokon/workspace/cmt_Nek_BE_Instrumentation_repo/run/lpm_annulus/quartz_workspace/temp2 -I/g/g19/trokon/workspace/cmt_Nek_BE_Instrumentation_repo/core -I./ /g/g19/trokon/workspace/cmt_Nek_BE_Instrumentation_repo/core/gfdm_op.f -o obj/gfdm_op.o
mpif77 -c  -O2 -r8 -fpconstant -fpp -DLPM -DMPI -DUNDERSCORE -DTIMER -I/g/g19/trokon/workspace/cmt_Nek_BE_Instrumentation_repo/run/lpm_annulus/quartz_workspace/temp2 -I/g/g19/trokon/workspace/cmt_Nek_BE_Instrumentation_repo/core -I./ /g/g19/trokon/workspace/cmt_Nek_BE_Instrumentation_repo/core/gfdm_solve.f -o obj/gfdm_solve.o
mpif77 -c  -O2 -r8 -fpconstant -fpp -DLPM -DMPI -DUNDERSCORE -DTIMER -I/g/g19/trokon/workspace/cmt_Nek_BE_Instrumentation_repo/run/lpm_annulus/quartz_workspace/temp2 -I/g/g19/trokon/workspace/cmt_Nek_BE_Instrumentation_repo/core -I./ /g/g19/trokon/workspace/cmt_Nek_BE_Instrumentation_repo/core/subs1.f -o obj/subs1.o
mpif77 -c  -O2 -r8 -fpconstant -fpp -DLPM -DMPI -DUNDERSCORE -DTIMER -I/g/g19/trokon/workspace/cmt_Nek_BE_Instrumentation_repo/run/lpm_annulus/quartz_workspace/temp2 -I/g/g19/trokon/workspace/cmt_Nek_BE_Instrumentation_repo/core -I./ /g/g19/trokon/workspace/cmt_Nek_BE_Instrumentation_repo/core/subs2.f -o obj/subs2.o
mpif77 -c  -O2 -r8 -fpconstant -fpp -DLPM -DMPI -DUNDERSCORE -DTIMER -I/g/g19/trokon/workspace/cmt_Nek_BE_Instrumentation_repo/run/lpm_annulus/quartz_workspace/temp2 -I/g/g19/trokon/workspace/cmt_Nek_BE_Instrumentation_repo/core -I./ /g/g19/trokon/workspace/cmt_Nek_BE_Instrumentation_repo/core/genbox.f -o obj/genbox.o
mpif77 -c  -O2 -r8 -fpconstant -fpp -DLPM -DMPI -DUNDERSCORE -DTIMER -I/g/g19/trokon/workspace/cmt_Nek_BE_Instrumentation_repo/run/lpm_annulus/quartz_workspace/temp2 -I/g/g19/trokon/workspace/cmt_Nek_BE_Instrumentation_repo/core -I./ /g/g19/trokon/workspace/cmt_Nek_BE_Instrumentation_repo/core/gmres.f -o obj/gmres.o
mpif77 -c  -O2 -r8 -fpconstant -fpp -DLPM -DMPI -DUNDERSCORE -DTIMER -I/g/g19/trokon/workspace/cmt_Nek_BE_Instrumentation_repo/run/lpm_annulus/quartz_workspace/temp2 -I/g/g19/trokon/workspace/cmt_Nek_BE_Instrumentation_repo/core -I./ /g/g19/trokon/workspace/cmt_Nek_BE_Instrumentation_repo/core/hsmg.f -o obj/hsmg.o
mpif77 -c  -O2 -r8 -fpconstant -fpp -DLPM -DMPI -DUNDERSCORE -DTIMER -I/g/g19/trokon/workspace/cmt_Nek_BE_Instrumentation_repo/run/lpm_annulus/quartz_workspace/temp2 -I/g/g19/trokon/workspace/cmt_Nek_BE_Instrumentation_repo/core -I./ /g/g19/trokon/workspace/cmt_Nek_BE_Instrumentation_repo/core/convect.f -o obj/convect.o
mpif77 -c  -O2 -r8 -fpconstant -fpp -DLPM -DMPI -DUNDERSCORE -DTIMER -I/g/g19/trokon/workspace/cmt_Nek_BE_Instrumentation_repo/run/lpm_annulus/quartz_workspace/temp2 -I/g/g19/trokon/workspace/cmt_Nek_BE_Instrumentation_repo/core -I./ /g/g19/trokon/workspace/cmt_Nek_BE_Instrumentation_repo/core/induct.f -o obj/induct.o
mpif77 -c  -O2 -r8 -fpconstant -fpp -DLPM -DMPI -DUNDERSCORE -DTIMER -I/g/g19/trokon/workspace/cmt_Nek_BE_Instrumentation_repo/run/lpm_annulus/quartz_workspace/temp2 -I/g/g19/trokon/workspace/cmt_Nek_BE_Instrumentation_repo/core -I./ /g/g19/trokon/workspace/cmt_Nek_BE_Instrumentation_repo/core/perturb.f -o obj/perturb.o
mpif77 -c  -O2 -r8 -fpconstant -fpp -DLPM -DMPI -DUNDERSCORE -DTIMER -I/g/g19/trokon/workspace/cmt_Nek_BE_Instrumentation_repo/run/lpm_annulus/quartz_workspace/temp2 -I/g/g19/trokon/workspace/cmt_Nek_BE_Instrumentation_repo/core -I./ /g/g19/trokon/workspace/cmt_Nek_BE_Instrumentation_repo/core/navier5.f -o obj/navier5.o
mpif77 -c  -O2 -r8 -fpconstant -fpp -DLPM -DMPI -DUNDERSCORE -DTIMER -I/g/g19/trokon/workspace/cmt_Nek_BE_Instrumentation_repo/run/lpm_annulus/quartz_workspace/temp2 -I/g/g19/trokon/workspace/cmt_Nek_BE_Instrumentation_repo/core -I./ /g/g19/trokon/workspace/cmt_Nek_BE_Instrumentation_repo/core/navier6.f -o obj/navier6.o
mpif77 -c  -O2 -r8 -fpconstant -fpp -DLPM -DMPI -DUNDERSCORE -DTIMER -I/g/g19/trokon/workspace/cmt_Nek_BE_Instrumentation_repo/run/lpm_annulus/quartz_workspace/temp2 -I/g/g19/trokon/workspace/cmt_Nek_BE_Instrumentation_repo/core -I./ /g/g19/trokon/workspace/cmt_Nek_BE_Instrumentation_repo/core/navier7.f -o obj/navier7.o
mpif77 -c  -O2 -r8 -fpconstant -fpp -DLPM -DMPI -DUNDERSCORE -DTIMER -I/g/g19/trokon/workspace/cmt_Nek_BE_Instrumentation_repo/run/lpm_annulus/quartz_workspace/temp2 -I/g/g19/trokon/workspace/cmt_Nek_BE_Instrumentation_repo/core -I./ /g/g19/trokon/workspace/cmt_Nek_BE_Instrumentation_repo/core/navier8.f -o obj/navier8.o
mpif77 -c  -O2 -r8 -fpconstant -fpp -DLPM -DMPI -DUNDERSCORE -DTIMER -I/g/g19/trokon/workspace/cmt_Nek_BE_Instrumentation_repo/run/lpm_annulus/quartz_workspace/temp2 -I/g/g19/trokon/workspace/cmt_Nek_BE_Instrumentation_repo/core -I./ /g/g19/trokon/workspace/cmt_Nek_BE_Instrumentation_repo/core/fast3d.f -o obj/fast3d.o
mpif77 -c  -O2 -r8 -fpconstant -fpp -DLPM -DMPI -DUNDERSCORE -DTIMER -I/g/g19/trokon/workspace/cmt_Nek_BE_Instrumentation_repo/run/lpm_annulus/quartz_workspace/temp2 -I/g/g19/trokon/workspace/cmt_Nek_BE_Instrumentation_repo/core -I./ /g/g19/trokon/workspace/cmt_Nek_BE_Instrumentation_repo/core/fasts.f -o obj/fasts.o
mpif77 -c  -O2 -r8 -fpconstant -fpp -DLPM -DMPI -DUNDERSCORE -DTIMER -I/g/g19/trokon/workspace/cmt_Nek_BE_Instrumentation_repo/run/lpm_annulus/quartz_workspace/temp2 -I/g/g19/trokon/workspace/cmt_Nek_BE_Instrumentation_repo/core -I./ /g/g19/trokon/workspace/cmt_Nek_BE_Instrumentation_repo/core/calcz.f -o obj/calcz.o
mpicc -c  -O2  -DLPM -DMPI -DUNDERSCORE -DTIMER /g/g19/trokon/workspace/cmt_Nek_BE_Instrumentation_repo/core/byte.c -o obj/byte.o
mpicc -c  -O2  -DLPM -DMPI -DUNDERSCORE -DTIMER /g/g19/trokon/workspace/cmt_Nek_BE_Instrumentation_repo/core/chelpers.c -o obj/chelpers.o
mpif77 -c  -O2 -r8 -fpconstant -fpp -DLPM -DMPI -DUNDERSCORE -DTIMER -I/g/g19/trokon/workspace/cmt_Nek_BE_Instrumentation_repo/run/lpm_annulus/quartz_workspace/temp2 -I/g/g19/trokon/workspace/cmt_Nek_BE_Instrumentation_repo/core -I./ /g/g19/trokon/workspace/cmt_Nek_BE_Instrumentation_repo/core/byte_mpi.f -o obj/byte_mpi.o
mpif77 -c  -O2 -r8 -fpconstant -fpp -DLPM -DMPI -DUNDERSCORE -DTIMER -I/g/g19/trokon/workspace/cmt_Nek_BE_Instrumentation_repo/run/lpm_annulus/quartz_workspace/temp2 -I/g/g19/trokon/workspace/cmt_Nek_BE_Instrumentation_repo/core -I./ /g/g19/trokon/workspace/cmt_Nek_BE_Instrumentation_repo/core/postpro.f -o obj/postpro.o
mpif77 -c  -O2 -r8 -fpconstant -fpp -DLPM -DMPI -DUNDERSCORE -DTIMER -I/g/g19/trokon/workspace/cmt_Nek_BE_Instrumentation_repo/run/lpm_annulus/quartz_workspace/temp2 -I/g/g19/trokon/workspace/cmt_Nek_BE_Instrumentation_repo/core -I./ /g/g19/trokon/workspace/cmt_Nek_BE_Instrumentation_repo/core/intp_usr.f -o obj/intp_usr.o
mpif77 -c  -O2 -r8 -fpconstant -fpp -DLPM -DMPI -DUNDERSCORE -DTIMER -I/g/g19/trokon/workspace/cmt_Nek_BE_Instrumentation_repo/run/lpm_annulus/quartz_workspace/temp2 -I/g/g19/trokon/workspace/cmt_Nek_BE_Instrumentation_repo/core -I./ /g/g19/trokon/workspace/cmt_Nek_BE_Instrumentation_repo/core/cvode_driver.f -o obj/cvode_driver.o
mpicc -c  -O2  -DLPM -DMPI -DUNDERSCORE -DTIMER /g/g19/trokon/workspace/cmt_Nek_BE_Instrumentation_repo/core/nek_comm.c -o obj/nek_comm.o
mpif77 -c  -O2 -r8 -fpconstant -fpp -DLPM -DMPI -DUNDERSCORE -DTIMER -I/g/g19/trokon/workspace/cmt_Nek_BE_Instrumentation_repo/run/lpm_annulus/quartz_workspace/temp2 -I/g/g19/trokon/workspace/cmt_Nek_BE_Instrumentation_repo/core -I./ /g/g19/trokon/workspace/cmt_Nek_BE_Instrumentation_repo/core/vprops.f -o obj/vprops.o
mpif77 -c  -O2 -r8 -fpconstant -fpp -DLPM -DMPI -DUNDERSCORE -DTIMER -I/g/g19/trokon/workspace/cmt_Nek_BE_Instrumentation_repo/run/lpm_annulus/quartz_workspace/temp2 -I/g/g19/trokon/workspace/cmt_Nek_BE_Instrumentation_repo/core -I./ /g/g19/trokon/workspace/cmt_Nek_BE_Instrumentation_repo/core/makeq_aux.f -o obj/makeq_aux.o
mpif77 -c  -O2 -r8 -fpconstant -fpp -DLPM -DMPI -DUNDERSCORE -DTIMER -I/g/g19/trokon/workspace/cmt_Nek_BE_Instrumentation_repo/run/lpm_annulus/quartz_workspace/temp2 -I/g/g19/trokon/workspace/cmt_Nek_BE_Instrumentation_repo/core -I./ /g/g19/trokon/workspace/cmt_Nek_BE_Instrumentation_repo/core/papi.f -o obj/papi.o
mpif77 -c   -O2 -r8 -fpconstant -fpp -DLPM -DMPI -DUNDERSCORE -DTIMER -I/g/g19/trokon/workspace/cmt_Nek_BE_Instrumentation_repo/run/lpm_annulus/quartz_workspace/temp2 -I/g/g19/trokon/workspace/cmt_Nek_BE_Instrumentation_repo/core -I./ /g/g19/trokon/workspace/cmt_Nek_BE_Instrumentation_repo/core/3rd_party/nek_in_situ.f -o obj/nek_in_situ.o
mpif77 -c  -O2 -r8 -fpconstant -fpp -DLPM -DMPI -DUNDERSCORE -DTIMER -I/g/g19/trokon/workspace/cmt_Nek_BE_Instrumentation_repo/run/lpm_annulus/quartz_workspace/temp2 -I/g/g19/trokon/workspace/cmt_Nek_BE_Instrumentation_repo/core -I./ /g/g19/trokon/workspace/cmt_Nek_BE_Instrumentation_repo/core/reader_rea.f -o obj/reader_rea.o
mpif77 -c  -O2 -r8 -fpconstant -fpp -DLPM -DMPI -DUNDERSCORE -DTIMER -I/g/g19/trokon/workspace/cmt_Nek_BE_Instrumentation_repo/run/lpm_annulus/quartz_workspace/temp2 -I/g/g19/trokon/workspace/cmt_Nek_BE_Instrumentation_repo/core -I./ /g/g19/trokon/workspace/cmt_Nek_BE_Instrumentation_repo/core/reader_par.f -o obj/reader_par.o
mpif77 -c  -O2 -r8 -fpconstant -fpp -DLPM -DMPI -DUNDERSCORE -DTIMER -I/g/g19/trokon/workspace/cmt_Nek_BE_Instrumentation_repo/run/lpm_annulus/quartz_workspace/temp2 -I/g/g19/trokon/workspace/cmt_Nek_BE_Instrumentation_repo/core -I./ /g/g19/trokon/workspace/cmt_Nek_BE_Instrumentation_repo/core/reader_re2.f -o obj/reader_re2.o
/g/g19/trokon/workspace/cmt_Nek_BE_Instrumentation_repo/core/reader_re2.f(61): remark #8291: Recommended relationship between field width 'W' and the number of fractional digits 'D' in this edit descriptor is 'W>=D+7'.
      if(nio.eq.0) write(6,'(A,1(1g8.2),A,/)')
-----------------------------------^
mpicc  -c  -O2  -DLPM -DMPI -DUNDERSCORE -DTIMER  /g/g19/trokon/workspace/cmt_Nek_BE_Instrumentation_repo/core/3rd_party/finiparser.c -o obj/finiparser.o
mpicc  -c  -O2  -DLPM -DMPI -DUNDERSCORE -DTIMER  /g/g19/trokon/workspace/cmt_Nek_BE_Instrumentation_repo/core/3rd_party/iniparser.c -o obj/iniparser.o
mpicc  -c  -O2  -DLPM -DMPI -DUNDERSCORE -DTIMER  /g/g19/trokon/workspace/cmt_Nek_BE_Instrumentation_repo/core/3rd_party/dictionary.c -o obj/dictionary.o
mpif77 -c  -O2 -r8 -fpconstant -fpp -DLPM -DMPI -DUNDERSCORE -DTIMER -I/g/g19/trokon/workspace/cmt_Nek_BE_Instrumentation_repo/run/lpm_annulus/quartz_workspace/temp2 -I/g/g19/trokon/workspace/cmt_Nek_BE_Instrumentation_repo/core -I./ /g/g19/trokon/workspace/cmt_Nek_BE_Instrumentation_repo/core/hpf.f -o obj/hpf.o
mpif77 -c  -O3 -r8 -fpconstant -fpp -DLPM -DMPI -DUNDERSCORE -DTIMER -I/g/g19/trokon/workspace/cmt_Nek_BE_Instrumentation_repo/run/lpm_annulus/quartz_workspace/temp2 -I/g/g19/trokon/workspace/cmt_Nek_BE_Instrumentation_repo/core -I./ /g/g19/trokon/workspace/cmt_Nek_BE_Instrumentation_repo/core/mxm_std.f -o obj/mxm_std.o
mpif77 -c  -O2 -r8 -fpconstant -fpp -DLPM -DMPI -DUNDERSCORE -DTIMER -I/g/g19/trokon/workspace/cmt_Nek_BE_Instrumentation_repo/run/lpm_annulus/quartz_workspace/temp2 -I/g/g19/trokon/workspace/cmt_Nek_BE_Instrumentation_repo/core -I./ /g/g19/trokon/workspace/cmt_Nek_BE_Instrumentation_repo/core/comm_mpi.f -o obj/comm_mpi.o
/g/g19/trokon/workspace/cmt_Nek_BE_Instrumentation_repo/core/comm_mpi.f(89): remark #8291: Recommended relationship between field width 'W' and the number of fractional digits 'D' in this edit descriptor is 'W>=D+7'.
         WRITE(6,'(A,1pE8.2)') ' Timer accuracy      : ',edif
------------------------^
mpif77 -c  -O2 -r8 -fpconstant -fpp -DLPM -DMPI -DUNDERSCORE -DTIMER -I/g/g19/trokon/workspace/cmt_Nek_BE_Instrumentation_repo/run/lpm_annulus/quartz_workspace/temp2 -I/g/g19/trokon/workspace/cmt_Nek_BE_Instrumentation_repo/core -I./ /g/g19/trokon/workspace/cmt_Nek_BE_Instrumentation_repo/core/singlmesh.f -o obj/singlmesh.o
mpif77 -c  -O0 -DLPM -DMPI -DUNDERSCORE -DTIMER /g/g19/trokon/workspace/cmt_Nek_BE_Instrumentation_repo/core/3rd_party/blas.f -o obj/blas.o
mpif77 -c  -O0 -DLPM -DMPI -DUNDERSCORE -DTIMER /g/g19/trokon/workspace/cmt_Nek_BE_Instrumentation_repo/core/3rd_party/dsygv.f -o obj/dsygv.o
mpif77 -c  -O2 -r8 -fpconstant -fpp -DLPM -DMPI -DUNDERSCORE -DTIMER -I/g/g19/trokon/workspace/cmt_Nek_BE_Instrumentation_repo/run/lpm_annulus/quartz_workspace/temp2 -I/g/g19/trokon/workspace/cmt_Nek_BE_Instrumentation_repo/core -I./ /g/g19/trokon/workspace/cmt_Nek_BE_Instrumentation_repo/core/lpm.f -o obj/lpm.o
'uniform.usr' -> 'uniform.f'
mpif77 -c  -O2 -r8 -fpconstant -fpp -DLPM -DMPI -DUNDERSCORE -DTIMER -I/g/g19/trokon/workspace/cmt_Nek_BE_Instrumentation_repo/run/lpm_annulus/quartz_workspace/temp2 -I/g/g19/trokon/workspace/cmt_Nek_BE_Instrumentation_repo/core -I./ /g/g19/trokon/workspace/cmt_Nek_BE_Instrumentation_repo/run/lpm_annulus/quartz_workspace/temp2/uniform.f  -o obj/uniform.o 
mpif77  -O2 -r8 -fpconstant -fpp -DLPM -DMPI -DUNDERSCORE -DTIMER -I/g/g19/trokon/workspace/cmt_Nek_BE_Instrumentation_repo/run/lpm_annulus/quartz_workspace/temp2 -I/g/g19/trokon/workspace/cmt_Nek_BE_Instrumentation_repo/core -I./ -o nek5000 obj/uniform.o obj/drive.o obj/drive1.o obj/drive2.o obj/plan5.o obj/plan4.o obj/bdry.o obj/coef.o obj/conduct.o obj/connect1.o obj/connect2.o obj/dssum.o obj/edgec.o obj/eigsolv.o obj/gauss.o obj/genxyz.o obj/navier1.o obj/makeq.o obj/navier0.o obj/navier2.o obj/navier3.o obj/navier4.o obj/prepost.o obj/speclib.o obj/map2.o obj/mvmesh.o obj/ic.o obj/gfldr.o obj/ssolv.o obj/planx.o obj/math.o obj/mxm_wrapper.o obj/hmholtz.o obj/gfdm_par.o obj/gfdm_op.o obj/gfdm_solve.o obj/subs1.o obj/subs2.o obj/genbox.o obj/gmres.o obj/hsmg.o obj/convect.o obj/induct.o obj/perturb.o obj/navier5.o obj/navier6.o obj/navier7.o obj/navier8.o obj/fast3d.o obj/fasts.o obj/calcz.o obj/byte.o obj/chelpers.o obj/byte_mpi.o obj/postpro.o obj/intp_usr.o obj/cvode_driver.o obj/nek_comm.o obj/vprops.o obj/makeq_aux.o obj/papi.o obj/nek_in_situ.o obj/reader_rea.o obj/reader_par.o obj/reader_re2.o obj/finiparser.o obj/iniparser.o obj/dictionary.o obj/hpf.o obj/mxm_std.o obj/comm_mpi.o obj/singlmesh.o obj/blas.o obj/dsygv.o obj/lpm.o -L/g/g19/trokon/workspace/cmt_Nek_BE_Instrumentation_repo/3rd_party/gslib/lib -lgs 

#############################################################
#                  Compilation successful!                  #
#############################################################
   text	   data	    bss	    dec	    hex	filename
6644770	 126320	188792756	195563846	ba81146	nek5000


