This file contains any messages produced by compilers while
running configure, to aid debugging if configure makes a mistake.

It was created by hypre configure 2.11.2, which was
generated by GNU Autoconf 2.69.  Invocation command line was

  $ ./configure --prefix=/g/g19/trokon/workspace/tst_2018_nek5000_lpm_benchmarking_repo/quartz/tools/amg_hypre/hypre/hypre-2.11.2/src/../.. --without-MPI

## --------- ##
## Platform. ##
## --------- ##

hostname = quartz1922
uname -m = x86_64
uname -r = 3.10.0-862.14.4.1chaos.ch6.x86_64
uname -s = Linux
uname -v = #1 SMP Wed Sep 26 12:27:08 PDT 2018

/usr/bin/uname -p = x86_64
/bin/uname -X     = unknown

/bin/arch              = x86_64
/usr/bin/arch -k       = unknown
/usr/convex/getsysinfo = unknown
/usr/bin/hostinfo      = unknown
/bin/machine           = unknown
/usr/bin/oslevel       = unknown
/bin/universe          = unknown

PATH: /usr/tce/packages/texlive/texlive-2016/2016/bin/x86_64-linux
PATH: /usr/tce/packages/mvapich2/mvapich2-2.2-intel-18.0.1/bin
PATH: /usr/tce/packages/intel/intel-18.0.1/bin
PATH: /usr/tce/bin
PATH: /usr/lib64/qt-3.3/bin
PATH: /usr/local/bin
PATH: /usr/bin
PATH: /usr/local/sbin
PATH: /usr/sbin
PATH: .


## ----------- ##
## Core tests. ##
## ----------- ##

configure:2337: checking build system type
configure:2351: result: x86_64-pc-linux-gnu
configure:2375: checking host system type
configure:2388: result: x86_64-pc-linux-gnu
configure:3430: checking for xlC
configure:3460: result: no
configure:3430: checking for xlc
configure:3460: result: no
configure:3430: checking for icpc
configure:3446: found /usr/tce/packages/intel/intel-18.0.1/bin/icpc
configure:3457: result: icpc
configure:3755: checking whether make sets $(MAKE)
configure:3777: result: yes
configure:3829: checking for ranlib
configure:3845: found /usr/bin/ranlib
configure:3856: result: ranlib
configure:3929: checking for gcc
configure:3956: result: /usr/tce/bin/gcc
configure:4185: checking for C compiler version
configure:4194: /usr/tce/bin/gcc --version >&5
gcc (GCC) 4.9.3
Copyright (C) 2015 Free Software Foundation, Inc.
This is free software; see the source for copying conditions.  There is NO
warranty; not even for MERCHANTABILITY or FITNESS FOR A PARTICULAR PURPOSE.

configure:4205: $? = 0
configure:4194: /usr/tce/bin/gcc -v >&5
Reading specs from /usr/tce/packages/gcc/gcc-4.9.3/lib64/gcc/x86_64-unknown-linux-gnu/4.9.3/specs
COLLECT_GCC=/usr/tce/packages/gcc/gcc-4.9.3/bin/gcc
COLLECT_LTO_WRAPPER=/usr/tce/packages/gcc/gcc-4.9.3/libexec/gcc/x86_64-unknown-linux-gnu/4.9.3/lto-wrapper
Target: x86_64-unknown-linux-gnu
Configured with: /builddir/build/BUILD/gccspack/spack/var/spack/stage/gcc-4.9.3-34vmmvov5ct2riknhkfcmxieffb5pyex/gcc-4.9.3/configure --prefix=/usr/tce/packages/gcc/gcc-4.9.3 --libdir=/usr/tce/packages/gcc/gcc-4.9.3/lib64 --disable-multilib --enable-languages=c,java,c++,fortran,objc,go --with-mpc=/builddir/build/BUILD/gccspack/spack/opt/spack/linux-redhat7-x86_64/gcc-4.8.5/mpc-1.0.3-hj3ado6aurkkeiulr7fabqov7dh5nomf --with-mpfr=/builddir/build/BUILD/gccspack/spack/opt/spack/linux-redhat7-x86_64/gcc-4.8.5/mpfr-3.1.4-btpsymgkcfsazkot7mksiiaiqi56q3iz --with-gmp=/builddir/build/BUILD/gccspack/spack/opt/spack/linux-redhat7-x86_64/gcc-4.8.5/gmp-6.1.0-rdkrxbnzwlletmtlntg4vbxhc24zspva --enable-lto --with-quad
Thread model: posix
gcc version 4.9.3 (GCC) 
configure:4205: $? = 0
configure:4194: /usr/tce/bin/gcc -V >&5
gcc: error: unrecognized command line option '-V'
gcc: fatal error: no input files
compilation terminated.
configure:4205: $? = 1
configure:4194: /usr/tce/bin/gcc -qversion >&5
gcc: error: unrecognized command line option '-qversion'
gcc: fatal error: no input files
compilation terminated.
configure:4205: $? = 1
configure:4225: checking whether the C compiler works
configure:4247: /usr/tce/bin/gcc -mcmodel=medium   conftest.c  >&5
configure:4251: $? = 0
configure:4299: result: yes
configure:4302: checking for C compiler default output file name
configure:4304: result: a.out
configure:4310: checking for suffix of executables
configure:4317: /usr/tce/bin/gcc -o conftest -mcmodel=medium   conftest.c  >&5
configure:4321: $? = 0
configure:4343: result: 
configure:4365: checking whether we are cross compiling
configure:4373: /usr/tce/bin/gcc -o conftest -mcmodel=medium   conftest.c  >&5
configure:4377: $? = 0
configure:4384: ./conftest
configure:4388: $? = 0
configure:4403: result: no
configure:4408: checking for suffix of object files
configure:4430: /usr/tce/bin/gcc -c -mcmodel=medium  conftest.c >&5
configure:4434: $? = 0
configure:4455: result: o
configure:4459: checking whether we are using the GNU C compiler
configure:4478: /usr/tce/bin/gcc -c -mcmodel=medium  conftest.c >&5
configure:4478: $? = 0
configure:4487: result: yes
configure:4496: checking whether /usr/tce/bin/gcc accepts -g
configure:4516: /usr/tce/bin/gcc -c -g  conftest.c >&5
configure:4516: $? = 0
configure:4557: result: yes
configure:4574: checking for /usr/tce/bin/gcc option to accept ISO C89
configure:4637: /usr/tce/bin/gcc  -c -mcmodel=medium  conftest.c >&5
configure:4637: $? = 0
configure:4650: result: none needed
configure:4786: checking for C++ compiler version
configure:4795: icpc --version >&5
icpc_orig (ICC) 18.0.1 20171018
Copyright (C) 1985-2017 Intel Corporation.  All rights reserved.

configure:4806: $? = 0
configure:4795: icpc -v >&5
icpc.orig version 18.0.1 (gcc version 4.9.3 compatibility)
ld    /lib/../lib64/crt1.o /lib/../lib64/crti.o /usr/tce/packages/gcc/gcc-4.9.3/lib64/gcc/x86_64-unknown-linux-gnu/4.9.3/crtbegin.o --eh-frame-hdr --build-id -dynamic-linker /lib64/ld-linux-x86-64.so.2 -m elf_x86_64 -o a.out -L/usr/tce/packages/intel/intel-18.0.1/compilers_and_libraries_2018.1.163/linux/compiler/lib/intel64_lin -L/usr/tce/packages/gcc/gcc-4.9.3/lib64/gcc/x86_64-unknown-linux-gnu/4.9.3/ -L/usr/tce/packages/gcc/gcc-4.9.3/lib64/gcc/x86_64-unknown-linux-gnu/4.9.3/../../../../lib64 -L/usr/tce/packages/gcc/gcc-4.9.3/lib64/gcc/x86_64-unknown-linux-gnu/4.9.3/../../../../lib64/ -L/lib/../lib64 -L/lib/../lib64/ -L/usr/lib/../lib64 -L/usr/lib/../lib64/ -L/usr/tce/packages/gcc/gcc-4.9.3/lib64/gcc/x86_64-unknown-linux-gnu/4.9.3/../../../ -L/lib64 -L/lib/ -L/usr/lib64 -L/usr/lib -rpath /usr/tce/packages/intel/intel-18.0.1/lib/intel64 -rpath=/usr/tce/packages/gcc/default/lib64 -Bdynamic -Bstatic -limf -lsvml -lirng -Bdynamic -lstdc++ -lm -Bstatic -lipgo -ldecimal --as-needed -Bdynamic -lcilkrts --no-as-needed -lstdc++ -lgcc -lgcc_s -Bstatic -lirc -lsvml -Bdynamic -lc -lgcc -lgcc_s -Bstatic -lirc_s -Bdynamic -ldl -lc /usr/tce/packages/gcc/gcc-4.9.3/lib64/gcc/x86_64-unknown-linux-gnu/4.9.3/crtend.o /lib/../lib64/crtn.o
/lib/../lib64/crt1.o: In function `_start':
(.text+0x20): undefined reference to `main'
configure:4806: $? = 1
configure:4795: icpc -V >&5
GNU ld version 2.27-28.base.el7_5.1
Intel(R) C++ Intel(R) 64 Compiler for applications running on Intel(R) 64, Version 18.0.1.163 Build 20171018
Copyright (C) 1985-2017 Intel Corporation.  All rights reserved.

/lib/../lib64/crt1.o: In function `_start':
(.text+0x20): undefined reference to `main'
configure:4806: $? = 1
configure:4795: icpc -qversion >&5
icpc_orig: command line warning #10006: ignoring unknown option '-qversion'
/lib/../lib64/crt1.o: In function `_start':
(.text+0x20): undefined reference to `main'
configure:4806: $? = 1
configure:4810: checking whether we are using the GNU C++ compiler
configure:4829: icpc -c   conftest.cpp >&5
configure:4829: $? = 0
configure:4838: result: yes
configure:4847: checking whether icpc accepts -g
configure:4867: icpc -c -g  conftest.cpp >&5
configure:4867: $? = 0
configure:4908: result: yes
configure:5041: checking for Fortran compiler version
configure:5050: /usr/tce/bin/gfortran --version >&5
GNU Fortran (GCC) 4.9.3
Copyright (C) 2015 Free Software Foundation, Inc.

GNU Fortran comes with NO WARRANTY, to the extent permitted by law.
You may redistribute copies of GNU Fortran
under the terms of the GNU General Public License.
For more information about these matters, see the file named COPYING

configure:5061: $? = 0
configure:5050: /usr/tce/bin/gfortran -v >&5
Reading specs from /usr/tce/packages/gcc/gcc-4.9.3/lib64/gcc/x86_64-unknown-linux-gnu/4.9.3/specs
COLLECT_GCC=/usr/tce/packages/gcc/gcc-4.9.3/bin/gfortran
COLLECT_LTO_WRAPPER=/usr/tce/packages/gcc/gcc-4.9.3/libexec/gcc/x86_64-unknown-linux-gnu/4.9.3/lto-wrapper
Target: x86_64-unknown-linux-gnu
Configured with: /builddir/build/BUILD/gccspack/spack/var/spack/stage/gcc-4.9.3-34vmmvov5ct2riknhkfcmxieffb5pyex/gcc-4.9.3/configure --prefix=/usr/tce/packages/gcc/gcc-4.9.3 --libdir=/usr/tce/packages/gcc/gcc-4.9.3/lib64 --disable-multilib --enable-languages=c,java,c++,fortran,objc,go --with-mpc=/builddir/build/BUILD/gccspack/spack/opt/spack/linux-redhat7-x86_64/gcc-4.8.5/mpc-1.0.3-hj3ado6aurkkeiulr7fabqov7dh5nomf --with-mpfr=/builddir/build/BUILD/gccspack/spack/opt/spack/linux-redhat7-x86_64/gcc-4.8.5/mpfr-3.1.4-btpsymgkcfsazkot7mksiiaiqi56q3iz --with-gmp=/builddir/build/BUILD/gccspack/spack/opt/spack/linux-redhat7-x86_64/gcc-4.8.5/gmp-6.1.0-rdkrxbnzwlletmtlntg4vbxhc24zspva --enable-lto --with-quad
Thread model: posix
gcc version 4.9.3 (GCC) 
configure:5061: $? = 0
configure:5050: /usr/tce/bin/gfortran -V >&5
gfortran: error: unrecognized command line option '-V'
gfortran: fatal error: no input files
compilation terminated.
configure:5061: $? = 1
configure:5050: /usr/tce/bin/gfortran -qversion >&5
gfortran: error: unrecognized command line option '-qversion'
gfortran: fatal error: no input files
compilation terminated.
configure:5061: $? = 1
configure:5070: checking whether we are using the GNU Fortran compiler
configure:5083: /usr/tce/bin/gfortran -c   conftest.F >&5
configure:5083: $? = 0
configure:5092: result: yes
configure:5098: checking whether /usr/tce/bin/gfortran accepts -g
configure:5109: /usr/tce/bin/gfortran -c -g  conftest.f >&5
configure:5109: $? = 0
configure:5117: result: yes
configure:5151: checking how to get verbose linking output from /usr/tce/bin/gfortran
configure:5161: /usr/tce/bin/gfortran -c -g -O2  conftest.f >&5
configure:5161: $? = 0
configure:5179: /usr/tce/bin/gfortran -o conftest -g -O2 -v conftest.f
Reading specs from /usr/tce/packages/gcc/gcc-4.9.3/lib64/gcc/x86_64-unknown-linux-gnu/4.9.3/specs
Target: x86_64-unknown-linux-gnu
Thread model: posix
gcc version 4.9.3 (GCC) 
 /usr/tce/packages/gcc/gcc-4.9.3/libexec/gcc/x86_64-unknown-linux-gnu/4.9.3/f951 conftest.f -ffixed-form -quiet -dumpbase conftest.f -mtune=generic -march=x86-64 -auxbase conftest -g -O2 -version -fintrinsic-modules-path /usr/tce/packages/gcc/gcc-4.9.3/lib64/gcc/x86_64-unknown-linux-gnu/4.9.3/finclude -o /var/tmp/trokon/ccCUoUTB.s
GNU Fortran (GCC) version 4.9.3 (x86_64-unknown-linux-gnu)
	compiled by GNU C version 4.9.3, GMP version 6.1.0, MPFR version 3.1.4, MPC version 1.0.3
warning: GMP header version 6.1.0 differs from library version 6.0.0.
warning: MPFR header version 3.1.4 differs from library version 3.1.1.
warning: MPC header version 1.0.3 differs from library version 1.0.1.
GGC heuristics: --param ggc-min-expand=100 --param ggc-min-heapsize=131072
GNU Fortran (GCC) version 4.9.3 (x86_64-unknown-linux-gnu)
	compiled by GNU C version 4.9.3, GMP version 6.1.0, MPFR version 3.1.4, MPC version 1.0.3
warning: GMP header version 6.1.0 differs from library version 6.0.0.
warning: MPFR header version 3.1.4 differs from library version 3.1.1.
warning: MPC header version 1.0.3 differs from library version 1.0.1.
GGC heuristics: --param ggc-min-expand=100 --param ggc-min-heapsize=131072
 as -v --64 -o /var/tmp/trokon/cc2AZFDA.o /var/tmp/trokon/ccCUoUTB.s
GNU assembler version 2.27 (x86_64-redhat-linux) using BFD version version 2.27-28.base.el7_5.1
Reading specs from /usr/tce/packages/gcc/gcc-4.9.3/lib64/gcc/x86_64-unknown-linux-gnu/4.9.3/../../../../lib64/libgfortran.spec
rename spec lib to liborig
 /usr/tce/packages/gcc/gcc-4.9.3/libexec/gcc/x86_64-unknown-linux-gnu/4.9.3/collect2 -plugin /usr/tce/packages/gcc/gcc-4.9.3/libexec/gcc/x86_64-unknown-linux-gnu/4.9.3/liblto_plugin.so -plugin-opt=/usr/tce/packages/gcc/gcc-4.9.3/libexec/gcc/x86_64-unknown-linux-gnu/4.9.3/lto-wrapper -plugin-opt=-fresolution=/var/tmp/trokon/ccIO6Hoz.res -plugin-opt=-pass-through=-lgcc_s -plugin-opt=-pass-through=-lgcc -plugin-opt=-pass-through=-lquadmath -plugin-opt=-pass-through=-lm -plugin-opt=-pass-through=-lgcc_s -plugin-opt=-pass-through=-lgcc -plugin-opt=-pass-through=-lc -plugin-opt=-pass-through=-lgcc_s -plugin-opt=-pass-through=-lgcc -rpath /usr/tce/packages/gcc/gcc-4.9.3/lib:/usr/tce/packages/gcc/gcc-4.9.3/lib64 --eh-frame-hdr -m elf_x86_64 -dynamic-linker /lib64/ld-linux-x86-64.so.2 -o conftest /lib/../lib64/crt1.o /lib/../lib64/crti.o /usr/tce/packages/gcc/gcc-4.9.3/lib64/gcc/x86_64-unknown-linux-gnu/4.9.3/crtbegin.o -L/usr/tce/packages/gcc/gcc-4.9.3/lib64/gcc/x86_64-unknown-linux-gnu/4.9.3 -L/usr/tce/packages/gcc/gcc-4.9.3/lib64/gcc/x86_64-unknown-linux-gnu/4.9.3/../../../../lib64 -L/lib/../lib64 -L/usr/lib/../lib64 -L/usr/tce/packages/gcc/gcc-4.9.3/lib64/gcc/x86_64-unknown-linux-gnu/4.9.3/../../.. /var/tmp/trokon/cc2AZFDA.o -lgfortran -lm -lgcc_s -lgcc -lquadmath -lm -lgcc_s -lgcc -lc -lgcc_s -lgcc /usr/tce/packages/gcc/gcc-4.9.3/lib64/gcc/x86_64-unknown-linux-gnu/4.9.3/crtend.o /lib/../lib64/crtn.o
configure:5262: result: -v
configure:5264: checking for Fortran libraries of /usr/tce/bin/gfortran
configure:5287: /usr/tce/bin/gfortran -o conftest -g -O2 -v conftest.f
Reading specs from /usr/tce/packages/gcc/gcc-4.9.3/lib64/gcc/x86_64-unknown-linux-gnu/4.9.3/specs
Target: x86_64-unknown-linux-gnu
Thread model: posix
gcc version 4.9.3 (GCC) 
 /usr/tce/packages/gcc/gcc-4.9.3/libexec/gcc/x86_64-unknown-linux-gnu/4.9.3/f951 conftest.f -ffixed-form -quiet -dumpbase conftest.f -mtune=generic -march=x86-64 -auxbase conftest -g -O2 -version -fintrinsic-modules-path /usr/tce/packages/gcc/gcc-4.9.3/lib64/gcc/x86_64-unknown-linux-gnu/4.9.3/finclude -o /var/tmp/trokon/ccuNetfP.s
GNU Fortran (GCC) version 4.9.3 (x86_64-unknown-linux-gnu)
	compiled by GNU C version 4.9.3, GMP version 6.1.0, MPFR version 3.1.4, MPC version 1.0.3
warning: GMP header version 6.1.0 differs from library version 6.0.0.
warning: MPFR header version 3.1.4 differs from library version 3.1.1.
warning: MPC header version 1.0.3 differs from library version 1.0.1.
GGC heuristics: --param ggc-min-expand=100 --param ggc-min-heapsize=131072
GNU Fortran (GCC) version 4.9.3 (x86_64-unknown-linux-gnu)
	compiled by GNU C version 4.9.3, GMP version 6.1.0, MPFR version 3.1.4, MPC version 1.0.3
warning: GMP header version 6.1.0 differs from library version 6.0.0.
warning: MPFR header version 3.1.4 differs from library version 3.1.1.
warning: MPC header version 1.0.3 differs from library version 1.0.1.
GGC heuristics: --param ggc-min-expand=100 --param ggc-min-heapsize=131072
 as -v --64 -o /var/tmp/trokon/ccE4LLkO.o /var/tmp/trokon/ccuNetfP.s
GNU assembler version 2.27 (x86_64-redhat-linux) using BFD version version 2.27-28.base.el7_5.1
Reading specs from /usr/tce/packages/gcc/gcc-4.9.3/lib64/gcc/x86_64-unknown-linux-gnu/4.9.3/../../../../lib64/libgfortran.spec
rename spec lib to liborig
 /usr/tce/packages/gcc/gcc-4.9.3/libexec/gcc/x86_64-unknown-linux-gnu/4.9.3/collect2 -plugin /usr/tce/packages/gcc/gcc-4.9.3/libexec/gcc/x86_64-unknown-linux-gnu/4.9.3/liblto_plugin.so -plugin-opt=/usr/tce/packages/gcc/gcc-4.9.3/libexec/gcc/x86_64-unknown-linux-gnu/4.9.3/lto-wrapper -plugin-opt=-fresolution=/var/tmp/trokon/ccIxW6qN.res -plugin-opt=-pass-through=-lgcc_s -plugin-opt=-pass-through=-lgcc -plugin-opt=-pass-through=-lquadmath -plugin-opt=-pass-through=-lm -plugin-opt=-pass-through=-lgcc_s -plugin-opt=-pass-through=-lgcc -plugin-opt=-pass-through=-lc -plugin-opt=-pass-through=-lgcc_s -plugin-opt=-pass-through=-lgcc -rpath /usr/tce/packages/gcc/gcc-4.9.3/lib:/usr/tce/packages/gcc/gcc-4.9.3/lib64 --eh-frame-hdr -m elf_x86_64 -dynamic-linker /lib64/ld-linux-x86-64.so.2 -o conftest /lib/../lib64/crt1.o /lib/../lib64/crti.o /usr/tce/packages/gcc/gcc-4.9.3/lib64/gcc/x86_64-unknown-linux-gnu/4.9.3/crtbegin.o -L/usr/tce/packages/gcc/gcc-4.9.3/lib64/gcc/x86_64-unknown-linux-gnu/4.9.3 -L/usr/tce/packages/gcc/gcc-4.9.3/lib64/gcc/x86_64-unknown-linux-gnu/4.9.3/../../../../lib64 -L/lib/../lib64 -L/usr/lib/../lib64 -L/usr/tce/packages/gcc/gcc-4.9.3/lib64/gcc/x86_64-unknown-linux-gnu/4.9.3/../../.. /var/tmp/trokon/ccE4LLkO.o -lgfortran -lm -lgcc_s -lgcc -lquadmath -lm -lgcc_s -lgcc -lc -lgcc_s -lgcc /usr/tce/packages/gcc/gcc-4.9.3/lib64/gcc/x86_64-unknown-linux-gnu/4.9.3/crtend.o /lib/../lib64/crtn.o
configure:5483: result:  -L/usr/tce/packages/gcc/gcc-4.9.3/lib64/gcc/x86_64-unknown-linux-gnu/4.9.3 -L/usr/tce/packages/gcc/gcc-4.9.3/lib64/gcc/x86_64-unknown-linux-gnu/4.9.3/../../../../lib64 -L/lib/../lib64 -L/usr/lib/../lib64 -L/usr/tce/packages/gcc/gcc-4.9.3/lib64/gcc/x86_64-unknown-linux-gnu/4.9.3/../../.. -lgfortran -lm -lquadmath
configure:5500: checking for dummy main to link with Fortran libraries
configure:5534: /usr/tce/bin/gcc -o conftest -mcmodel=medium   conftest.c   -L/usr/tce/packages/gcc/gcc-4.9.3/lib64/gcc/x86_64-unknown-linux-gnu/4.9.3 -L/usr/tce/packages/gcc/gcc-4.9.3/lib64/gcc/x86_64-unknown-linux-gnu/4.9.3/../../../../lib64 -L/lib/../lib64 -L/usr/lib/../lib64 -L/usr/tce/packages/gcc/gcc-4.9.3/lib64/gcc/x86_64-unknown-linux-gnu/4.9.3/../../.. -lgfortran -lm -lquadmath >&5
configure:5534: $? = 0
configure:5579: result: none
configure:5612: checking for Fortran name-mangling scheme
configure:5625: /usr/tce/bin/gfortran -c -g -O2  conftest.f >&5
configure:5625: $? = 0
configure:5666: /usr/tce/bin/gcc -o conftest -mcmodel=medium   conftest.c cfortran_test.o   -L/usr/tce/packages/gcc/gcc-4.9.3/lib64/gcc/x86_64-unknown-linux-gnu/4.9.3 -L/usr/tce/packages/gcc/gcc-4.9.3/lib64/gcc/x86_64-unknown-linux-gnu/4.9.3/../../../../lib64 -L/lib/../lib64 -L/usr/lib/../lib64 -L/usr/tce/packages/gcc/gcc-4.9.3/lib64/gcc/x86_64-unknown-linux-gnu/4.9.3/../../.. -lgfortran -lm -lquadmath >&5
/var/tmp/trokon/ccrAbqne.o: In function `main':
conftest.c:(.text+0xa): undefined reference to `foobar'
collect2: error: ld returned 1 exit status
configure:5666: $? = 1
configure: failed program was:
| /* confdefs.h */
| #define PACKAGE_NAME "hypre"
| #define PACKAGE_TARNAME "hypre"
| #define PACKAGE_VERSION "2.11.2"
| #define PACKAGE_STRING "hypre 2.11.2"
| #define PACKAGE_BUGREPORT ""
| #define PACKAGE_URL ""
| #define HYPRE_RELEASE_NAME "hypre"
| #define HYPRE_RELEASE_VERSION "2.11.2"
| #define HYPRE_RELEASE_DATE "2017/03/13"
| #define HYPRE_RELEASE_TIME "00:00:00"
| #define HYPRE_RELEASE_BUGS "hypre-support@llnl.gov"
| #define HYPRE_MAXDIM 3
| #define HYPRE_FMANGLE 0
| #define HYPRE_FMANGLE_BLAS 0
| #define HYPRE_FMANGLE_LAPACK 0
| /* end confdefs.h.  */
| 
| /* Override any GCC internal prototype to avoid an error.
|    Use char because int might match the return type of a GCC
|    builtin and then its argument prototype would still apply.  */
| #ifdef __cplusplus
| extern "C"
| #endif
| char foobar ();
| #ifdef FC_DUMMY_MAIN
| #ifndef FC_DUMMY_MAIN_EQ_F77
| #  ifdef __cplusplus
|      extern "C"
| #  endif
|    int FC_DUMMY_MAIN() { return 1; }
| #endif
| #endif
| int
| main ()
| {
| return foobar ();
|   ;
|   return 0;
| }
configure:5666: /usr/tce/bin/gcc -o conftest -mcmodel=medium   conftest.c cfortran_test.o   -L/usr/tce/packages/gcc/gcc-4.9.3/lib64/gcc/x86_64-unknown-linux-gnu/4.9.3 -L/usr/tce/packages/gcc/gcc-4.9.3/lib64/gcc/x86_64-unknown-linux-gnu/4.9.3/../../../../lib64 -L/lib/../lib64 -L/usr/lib/../lib64 -L/usr/tce/packages/gcc/gcc-4.9.3/lib64/gcc/x86_64-unknown-linux-gnu/4.9.3/../../.. -lgfortran -lm -lquadmath >&5
configure:5666: $? = 0
configure:5724: /usr/tce/bin/gcc -o conftest -mcmodel=medium   conftest.c cfortran_test.o   -L/usr/tce/packages/gcc/gcc-4.9.3/lib64/gcc/x86_64-unknown-linux-gnu/4.9.3 -L/usr/tce/packages/gcc/gcc-4.9.3/lib64/gcc/x86_64-unknown-linux-gnu/4.9.3/../../../../lib64 -L/lib/../lib64 -L/usr/lib/../lib64 -L/usr/tce/packages/gcc/gcc-4.9.3/lib64/gcc/x86_64-unknown-linux-gnu/4.9.3/../../.. -lgfortran -lm -lquadmath >&5
configure:5724: $? = 0
configure:5766: result: lower case, underscore, no extra underscore
configure:6752: checking for __gxx_personality_v0 in -lstdc++
configure:6785: /usr/tce/bin/gcc -o conftest -mcmodel=medium   conftest.c -lstdc++   >&5
configure:6785: $? = 0
configure:6794: result: yes
configure:7107: checking for cabs in -lm
configure:7140: /usr/tce/bin/gcc -o conftest -mcmodel=medium   conftest.c -lm   -lstdc++ >&5
conftest.c:30:6: warning: conflicting types for built-in function 'cabs'
 char cabs ();
      ^
configure:7140: $? = 0
configure:7149: result: yes
configure:7243: checking the hostname
configure:7254: result: quartz1922
configure:7258: checking the architecture
configure:7289: result: LINUX
configure:7530: creating ./config.status

## ---------------------- ##
## Running config.status. ##
## ---------------------- ##

This file was extended by hypre config.status 2.11.2, which was
generated by GNU Autoconf 2.69.  Invocation command line was

  CONFIG_FILES    = 
  CONFIG_HEADERS  = 
  CONFIG_LINKS    = 
  CONFIG_COMMANDS = 
  $ ./config.status 

on quartz1922

config.status:871: creating config/Makefile.config
config.status:871: creating HYPRE_config.h

## ---------------- ##
## Cache variables. ##
## ---------------- ##

ac_cv_build=x86_64-pc-linux-gnu
ac_cv_c_compiler_gnu=yes
ac_cv_cxx_compiler_gnu=yes
ac_cv_env_CCC_set=
ac_cv_env_CCC_value=
ac_cv_env_CC_set=set
ac_cv_env_CC_value=/usr/tce/bin/gcc
ac_cv_env_CFLAGS_set=set
ac_cv_env_CFLAGS_value=-mcmodel=medium
ac_cv_env_CPPFLAGS_set=
ac_cv_env_CPPFLAGS_value=
ac_cv_env_CPP_set=
ac_cv_env_CPP_value=
ac_cv_env_CXXFLAGS_set=
ac_cv_env_CXXFLAGS_value=
ac_cv_env_CXX_set=
ac_cv_env_CXX_value=
ac_cv_env_FCFLAGS_set=
ac_cv_env_FCFLAGS_value=
ac_cv_env_FC_set=set
ac_cv_env_FC_value=/usr/tce/bin/gfortran
ac_cv_env_LDFLAGS_set=
ac_cv_env_LDFLAGS_value=
ac_cv_env_LIBS_set=
ac_cv_env_LIBS_value=
ac_cv_env_build_alias_set=
ac_cv_env_build_alias_value=
ac_cv_env_host_alias_set=
ac_cv_env_host_alias_value=
ac_cv_env_target_alias_set=
ac_cv_env_target_alias_value=
ac_cv_fc_compiler_gnu=yes
ac_cv_fc_dummy_main=none
ac_cv_fc_libs=' -L/usr/tce/packages/gcc/gcc-4.9.3/lib64/gcc/x86_64-unknown-linux-gnu/4.9.3 -L/usr/tce/packages/gcc/gcc-4.9.3/lib64/gcc/x86_64-unknown-linux-gnu/4.9.3/../../../../lib64 -L/lib/../lib64 -L/usr/lib/../lib64 -L/usr/tce/packages/gcc/gcc-4.9.3/lib64/gcc/x86_64-unknown-linux-gnu/4.9.3/../../.. -lgfortran -lm -lquadmath'
ac_cv_fc_mangling='lower case, underscore, no extra underscore'
ac_cv_fortran_dummy_main=none
ac_cv_host=x86_64-pc-linux-gnu
ac_cv_lib_m_cabs=yes
ac_cv_lib_stdcpp___gxx_personality_v0=yes
ac_cv_objext=o
ac_cv_prog_CXX=icpc
ac_cv_prog_ac_ct_CC=/usr/tce/bin/gcc
ac_cv_prog_ac_ct_RANLIB=ranlib
ac_cv_prog_cc_c89=
ac_cv_prog_cc_g=yes
ac_cv_prog_cxx_g=yes
ac_cv_prog_fc_g=yes
ac_cv_prog_fc_v=-v
ac_cv_prog_make_make_set=yes

## ----------------- ##
## Output variables. ##
## ----------------- ##

AR='ar -rcu'
BLASLIBDIRS=''
BLASLIBS=''
BUILD_CC_SHARED=''
BUILD_CXX_SHARED=''
BUILD_FC_SHARED=''
BUILD_JAVA='0'
BUILD_PYTHON='0'
CALIPER_INCLUDE=''
CALIPER_LIBS=''
CC='/usr/tce/bin/gcc'
CFLAGS='-mcmodel=medium'
CPP=''
CPPFLAGS=''
CXX='icpc'
CXXFLAGS='-O2'
DEFS='-DHAVE_CONFIG_H'
ECHO_C=''
ECHO_N='-n'
ECHO_T=''
EGREP=''
EXEEXT=''
FC='/usr/tce/bin/gfortran'
FCFLAGS='-g -O2'
FCLIBS=' -L/usr/tce/packages/gcc/gcc-4.9.3/lib64/gcc/x86_64-unknown-linux-gnu/4.9.3 -L/usr/tce/packages/gcc/gcc-4.9.3/lib64/gcc/x86_64-unknown-linux-gnu/4.9.3/../../../../lib64 -L/lib/../lib64 -L/usr/lib/../lib64 -L/usr/tce/packages/gcc/gcc-4.9.3/lib64/gcc/x86_64-unknown-linux-gnu/4.9.3/../../.. -lgfortran -lm -lquadmath'
FFLAGS='-O'
FLIBS=''
GREP=''
HOSTNAME='quartz1922'
HYPRE_ARCH='LINUX'
HYPRE_BLAS_FILES='/g/g19/trokon/workspace/tst_2018_nek5000_lpm_benchmarking_repo/quartz/tools/amg_hypre/hypre/hypre-2.11.2/src/blas/*.o'
HYPRE_BLAS_SRC_DIR='/g/g19/trokon/workspace/tst_2018_nek5000_lpm_benchmarking_repo/quartz/tools/amg_hypre/hypre/hypre-2.11.2/src/blas'
HYPRE_BUGS='hypre-support@llnl.gov'
HYPRE_DATE='2017/03/13'
HYPRE_FEI_BASE_DIR='/g/g19/trokon/workspace/tst_2018_nek5000_lpm_benchmarking_repo/quartz/tools/amg_hypre/hypre/hypre-2.11.2/src/FEI_mv/fei-base'
HYPRE_FEI_FEMLI_FILES='/g/g19/trokon/workspace/tst_2018_nek5000_lpm_benchmarking_repo/quartz/tools/amg_hypre/hypre/hypre-2.11.2/src/FEI_mv/femli/*.o'
HYPRE_FEI_HYPRE_FILES='/g/g19/trokon/workspace/tst_2018_nek5000_lpm_benchmarking_repo/quartz/tools/amg_hypre/hypre/hypre-2.11.2/src/FEI_mv/fei-hypre/*.o'
HYPRE_FEI_SRC_DIR='/g/g19/trokon/workspace/tst_2018_nek5000_lpm_benchmarking_repo/quartz/tools/amg_hypre/hypre/hypre-2.11.2/src/FEI_mv'
HYPRE_FEI_SUBDIRS='femli SuperLU fei-hypre'
HYPRE_FEI_SUPERLU_FILES='/g/g19/trokon/workspace/tst_2018_nek5000_lpm_benchmarking_repo/quartz/tools/amg_hypre/hypre/hypre-2.11.2/src/FEI_mv/SuperLU/SRC/*.o'
HYPRE_INCINSTALL='${prefix}/include'
HYPRE_INSTALLDIR='/g/g19/trokon/workspace/tst_2018_nek5000_lpm_benchmarking_repo/quartz/tools/amg_hypre/hypre/hypre-2.11.2/src/../..'
HYPRE_LAPACK_FILES='/g/g19/trokon/workspace/tst_2018_nek5000_lpm_benchmarking_repo/quartz/tools/amg_hypre/hypre/hypre-2.11.2/src/lapack/*.o'
HYPRE_LAPACK_SRC_DIR='/g/g19/trokon/workspace/tst_2018_nek5000_lpm_benchmarking_repo/quartz/tools/amg_hypre/hypre/hypre-2.11.2/src/lapack'
HYPRE_LIBINSTALL='${exec_prefix}/lib'
HYPRE_LIBSUFFIX='.a'
HYPRE_NAME='hypre'
HYPRE_SRCDIR='/g/g19/trokon/workspace/tst_2018_nek5000_lpm_benchmarking_repo/quartz/tools/amg_hypre/hypre/hypre-2.11.2/src'
HYPRE_TIME='00:00:00'
HYPRE_VERSION='2.11.2'
LAPACKLIBDIRS=''
LAPACKLIBS=''
LDFLAGS=''
LIBOBJS=''
LIBS=' -lstdc++ -lm'
LINK_CC='/usr/tce/bin/gcc'
LINK_CXX='icpc'
LINK_FC='/usr/tce/bin/gfortran'
LTLIBOBJS=''
MPIFLAGS=''
MPIINCLUDE=''
MPILIBDIRS=''
MPILIBS=''
OBJEXT='o'
PACKAGE_BUGREPORT=''
PACKAGE_NAME=''
PACKAGE_STRING=''
PACKAGE_TARNAME=''
PACKAGE_URL=''
PACKAGE_VERSION=''
PATH_SEPARATOR=':'
PYTHON=''
RANLIB='ranlib'
SET_MAKE=''
SHARED_BUILD_FLAG=''
SHARED_COMPILE_FLAG=''
SHARED_OPTIONS=''
SHARED_SET_SONAME=''
SHELL='/bin/sh'
ac_ct_CC='/usr/tce/bin/gcc'
ac_ct_CXX=''
ac_ct_FC=''
bindir='${exec_prefix}/bin'
build='x86_64-pc-linux-gnu'
build_alias=''
build_cpu='x86_64'
build_os='linux-gnu'
build_vendor='pc'
datadir='${datarootdir}'
datarootdir='${prefix}/share'
docdir='${datarootdir}/doc/${PACKAGE_TARNAME}'
dvidir='${docdir}'
exec_prefix='${prefix}'
host='x86_64-pc-linux-gnu'
host_alias=''
host_cpu='x86_64'
host_os='linux-gnu'
host_vendor='pc'
htmldir='${docdir}'
includedir='${prefix}/include'
infodir='${datarootdir}/info'
libdir='${exec_prefix}/lib'
libexecdir='${exec_prefix}/libexec'
localedir='${datarootdir}/locale'
localstatedir='${prefix}/var'
mandir='${datarootdir}/man'
oldincludedir='/usr/include'
pdfdir='${docdir}'
prefix='/g/g19/trokon/workspace/tst_2018_nek5000_lpm_benchmarking_repo/quartz/tools/amg_hypre/hypre/hypre-2.11.2/src/../..'
program_transform_name='s,x,x,'
psdir='${docdir}'
sbindir='${exec_prefix}/sbin'
sharedstatedir='${prefix}/com'
sysconfdir='${prefix}/etc'
target_alias=''

## ----------- ##
## confdefs.h. ##
## ----------- ##

/* confdefs.h */
#define PACKAGE_NAME "hypre"
#define PACKAGE_TARNAME "hypre"
#define PACKAGE_VERSION "2.11.2"
#define PACKAGE_STRING "hypre 2.11.2"
#define PACKAGE_BUGREPORT ""
#define PACKAGE_URL ""
#define HYPRE_RELEASE_NAME "hypre"
#define HYPRE_RELEASE_VERSION "2.11.2"
#define HYPRE_RELEASE_DATE "2017/03/13"
#define HYPRE_RELEASE_TIME "00:00:00"
#define HYPRE_RELEASE_BUGS "hypre-support@llnl.gov"
#define HYPRE_MAXDIM 3
#define HYPRE_FMANGLE 0
#define HYPRE_FMANGLE_BLAS 0
#define HYPRE_FMANGLE_LAPACK 0
#define FC_FUNC(name,NAME) name ## _
#define FC_FUNC_(name,NAME) name ## _
#define HYPRE_SEQUENTIAL 1
#define HYPRE_USING_HYPRE_BLAS 1
#define HYPRE_USING_HYPRE_LAPACK 1
#define HYPRE_LINUX 1

configure: exit 0
