build 3rd-party software ...
mpicc  -I./src -DMPI -DUSEMPIIO -DUNDERSCORE -DUSE_USR_EXIT -DPREFIX=gslib_ -DFPREFIX=fgslib_ -DGLOBAL_LONG_LONG -c src/gs.c -o src/gs.o
mpicc  -I./src -DMPI -DUSEMPIIO -DUNDERSCORE -DUSE_USR_EXIT -DPREFIX=gslib_ -DFPREFIX=fgslib_ -DGLOBAL_LONG_LONG -c src/sort.c -o src/sort.o
mpicc  -I./src -DMPI -DUSEMPIIO -DUNDERSCORE -DUSE_USR_EXIT -DPREFIX=gslib_ -DFPREFIX=fgslib_ -DGLOBAL_LONG_LONG -c src/sarray_transfer.c -o src/sarray_transfer.o
mpicc  -I./src -DMPI -DUSEMPIIO -DUNDERSCORE -DUSE_USR_EXIT -DPREFIX=gslib_ -DFPREFIX=fgslib_ -DGLOBAL_LONG_LONG -c src/sarray_sort.c -o src/sarray_sort.o
mpicc  -I./src -DMPI -DUSEMPIIO -DUNDERSCORE -DUSE_USR_EXIT -DPREFIX=gslib_ -DFPREFIX=fgslib_ -DGLOBAL_LONG_LONG -c src/gs_local.c -o src/gs_local.o
mpicc  -I./src -DMPI -DUSEMPIIO -DUNDERSCORE -DUSE_USR_EXIT -DPREFIX=gslib_ -DFPREFIX=fgslib_ -DGLOBAL_LONG_LONG -c src/fail.c -o src/fail.o
mpicc  -I./src -DMPI -DUSEMPIIO -DUNDERSCORE -DUSE_USR_EXIT -DPREFIX=gslib_ -DFPREFIX=fgslib_ -DGLOBAL_LONG_LONG -c src/crystal.c -o src/crystal.o
mpicc  -I./src -DMPI -DUSEMPIIO -DUNDERSCORE -DUSE_USR_EXIT -DPREFIX=gslib_ -DFPREFIX=fgslib_ -DGLOBAL_LONG_LONG -c src/comm.c -o src/comm.o
mpicc  -I./src -DMPI -DUSEMPIIO -DUNDERSCORE -DUSE_USR_EXIT -DPREFIX=gslib_ -DFPREFIX=fgslib_ -DGLOBAL_LONG_LONG -c src/tensor.c -o src/tensor.o
mpicc  -I./src -DMPI -DUSEMPIIO -DUNDERSCORE -DUSE_USR_EXIT -DPREFIX=gslib_ -DFPREFIX=fgslib_ -DGLOBAL_LONG_LONG -c src/sparse_cholesky.c -o src/sparse_cholesky.o
mpicc  -I./src -DMPI -DUSEMPIIO -DUNDERSCORE -DUSE_USR_EXIT -DPREFIX=gslib_ -DFPREFIX=fgslib_ -DGLOBAL_LONG_LONG -c src/xxt.c -o src/xxt.o
mpicc  -I./src -DMPI -DUSEMPIIO -DUNDERSCORE -DUSE_USR_EXIT -DPREFIX=gslib_ -DFPREFIX=fgslib_ -DGLOBAL_LONG_LONG -c src/amg.c -o src/amg.o
mpicc  -I./src -DMPI -DUSEMPIIO -DUNDERSCORE -DUSE_USR_EXIT -DPREFIX=gslib_ -DFPREFIX=fgslib_ -DGLOBAL_LONG_LONG -c src/fcrystal.c -o src/fcrystal.o
mpicc  -I./src -DMPI -DUSEMPIIO -DUNDERSCORE -DUSE_USR_EXIT -DPREFIX=gslib_ -DFPREFIX=fgslib_ -DGLOBAL_LONG_LONG -c src/fcrs.c -o src/fcrs.o
mpicc  -I./src -DMPI -DUSEMPIIO -DUNDERSCORE -DUSE_USR_EXIT -DPREFIX=gslib_ -DFPREFIX=fgslib_ -DGLOBAL_LONG_LONG -c src/findpts.c -o src/findpts.o
mpicc  -I./src -DMPI -DUSEMPIIO -DUNDERSCORE -DUSE_USR_EXIT -DPREFIX=gslib_ -DFPREFIX=fgslib_ -DGLOBAL_LONG_LONG -c src/findpts_local.c -o src/findpts_local.o
mpicc  -I./src -DMPI -DUSEMPIIO -DUNDERSCORE -DUSE_USR_EXIT -DPREFIX=gslib_ -DFPREFIX=fgslib_ -DGLOBAL_LONG_LONG -c src/obbox.c -o src/obbox.o
mpicc  -I./src -DMPI -DUSEMPIIO -DUNDERSCORE -DUSE_USR_EXIT -DPREFIX=gslib_ -DFPREFIX=fgslib_ -DGLOBAL_LONG_LONG -c src/poly.c -o src/poly.o
mpicc  -I./src -DMPI -DUSEMPIIO -DUNDERSCORE -DUSE_USR_EXIT -DPREFIX=gslib_ -DFPREFIX=fgslib_ -DGLOBAL_LONG_LONG -c src/lob_bnd.c -o src/lob_bnd.o
mpicc  -I./src -DMPI -DUSEMPIIO -DUNDERSCORE -DUSE_USR_EXIT -DPREFIX=gslib_ -DFPREFIX=fgslib_ -DGLOBAL_LONG_LONG -c src/findpts_el_3.c -o src/findpts_el_3.o
mpicc  -I./src -DMPI -DUSEMPIIO -DUNDERSCORE -DUSE_USR_EXIT -DPREFIX=gslib_ -DFPREFIX=fgslib_ -DGLOBAL_LONG_LONG -c src/findpts_el_2.c -o src/findpts_el_2.o
mpicc  -I./src -DMPI -DUSEMPIIO -DUNDERSCORE -DUSE_USR_EXIT -DPREFIX=gslib_ -DFPREFIX=fgslib_ -DGLOBAL_LONG_LONG -c src/rand_elt_test.c -o src/rand_elt_test.o
'./src/libgs.a' -> '/g/g19/trokon/workspace/nek_4way/Nek5000-lpm_stable/3rd_party/gslib/gslib-1.0.1/../lib/libgs.a'
mpif77 -c  -O2 -r8 -fpconstant -fpp -DLPM -DMPI -DUNDERSCORE -DTIMER -I/g/g19/trokon/workspace/cmt_Nek_BE_Instrumentation/run/lpm_annulus/annulus_workspace/quartz_core_2lx1_5lelt_16alpha_10 -I/g/g19/trokon/workspace/nek_4way/Nek5000-lpm_stable/core -I./ /g/g19/trokon/workspace/nek_4way/Nek5000-lpm_stable/core/drive.f -o obj/drive.o
mpif77 -c  -O2 -r8 -fpconstant -fpp -DLPM -DMPI -DUNDERSCORE -DTIMER -I/g/g19/trokon/workspace/cmt_Nek_BE_Instrumentation/run/lpm_annulus/annulus_workspace/quartz_core_2lx1_5lelt_16alpha_10 -I/g/g19/trokon/workspace/nek_4way/Nek5000-lpm_stable/core -I./ /g/g19/trokon/workspace/nek_4way/Nek5000-lpm_stable/core/drive1.f -o obj/drive1.o
mpif77 -c  -O2 -r8 -fpconstant -fpp -DLPM -DMPI -DUNDERSCORE -DTIMER -I/g/g19/trokon/workspace/cmt_Nek_BE_Instrumentation/run/lpm_annulus/annulus_workspace/quartz_core_2lx1_5lelt_16alpha_10 -I/g/g19/trokon/workspace/nek_4way/Nek5000-lpm_stable/core -I./ /g/g19/trokon/workspace/nek_4way/Nek5000-lpm_stable/core/drive2.f -o obj/drive2.o
mpif77 -c  -O2 -r8 -fpconstant -fpp -DLPM -DMPI -DUNDERSCORE -DTIMER -I/g/g19/trokon/workspace/cmt_Nek_BE_Instrumentation/run/lpm_annulus/annulus_workspace/quartz_core_2lx1_5lelt_16alpha_10 -I/g/g19/trokon/workspace/nek_4way/Nek5000-lpm_stable/core -I./ /g/g19/trokon/workspace/nek_4way/Nek5000-lpm_stable/core/plan5.f -o obj/plan5.o
mpif77 -c  -O2 -r8 -fpconstant -fpp -DLPM -DMPI -DUNDERSCORE -DTIMER -I/g/g19/trokon/workspace/cmt_Nek_BE_Instrumentation/run/lpm_annulus/annulus_workspace/quartz_core_2lx1_5lelt_16alpha_10 -I/g/g19/trokon/workspace/nek_4way/Nek5000-lpm_stable/core -I./ /g/g19/trokon/workspace/nek_4way/Nek5000-lpm_stable/core/plan4.f -o obj/plan4.o
mpif77 -c  -O2 -r8 -fpconstant -fpp -DLPM -DMPI -DUNDERSCORE -DTIMER -I/g/g19/trokon/workspace/cmt_Nek_BE_Instrumentation/run/lpm_annulus/annulus_workspace/quartz_core_2lx1_5lelt_16alpha_10 -I/g/g19/trokon/workspace/nek_4way/Nek5000-lpm_stable/core -I./ /g/g19/trokon/workspace/nek_4way/Nek5000-lpm_stable/core/bdry.f -o obj/bdry.o
mpif77 -c  -O2 -r8 -fpconstant -fpp -DLPM -DMPI -DUNDERSCORE -DTIMER -I/g/g19/trokon/workspace/cmt_Nek_BE_Instrumentation/run/lpm_annulus/annulus_workspace/quartz_core_2lx1_5lelt_16alpha_10 -I/g/g19/trokon/workspace/nek_4way/Nek5000-lpm_stable/core -I./ /g/g19/trokon/workspace/nek_4way/Nek5000-lpm_stable/core/coef.f -o obj/coef.o
mpif77 -c  -O2 -r8 -fpconstant -fpp -DLPM -DMPI -DUNDERSCORE -DTIMER -I/g/g19/trokon/workspace/cmt_Nek_BE_Instrumentation/run/lpm_annulus/annulus_workspace/quartz_core_2lx1_5lelt_16alpha_10 -I/g/g19/trokon/workspace/nek_4way/Nek5000-lpm_stable/core -I./ /g/g19/trokon/workspace/nek_4way/Nek5000-lpm_stable/core/conduct.f -o obj/conduct.o
mpif77 -c  -O2 -r8 -fpconstant -fpp -DLPM -DMPI -DUNDERSCORE -DTIMER -I/g/g19/trokon/workspace/cmt_Nek_BE_Instrumentation/run/lpm_annulus/annulus_workspace/quartz_core_2lx1_5lelt_16alpha_10 -I/g/g19/trokon/workspace/nek_4way/Nek5000-lpm_stable/core -I./ /g/g19/trokon/workspace/nek_4way/Nek5000-lpm_stable/core/connect1.f -o obj/connect1.o
mpif77 -c  -O2 -r8 -fpconstant -fpp -DLPM -DMPI -DUNDERSCORE -DTIMER -I/g/g19/trokon/workspace/cmt_Nek_BE_Instrumentation/run/lpm_annulus/annulus_workspace/quartz_core_2lx1_5lelt_16alpha_10 -I/g/g19/trokon/workspace/nek_4way/Nek5000-lpm_stable/core -I./ /g/g19/trokon/workspace/nek_4way/Nek5000-lpm_stable/core/connect2.f -o obj/connect2.o
mpif77 -c  -O2 -r8 -fpconstant -fpp -DLPM -DMPI -DUNDERSCORE -DTIMER -I/g/g19/trokon/workspace/cmt_Nek_BE_Instrumentation/run/lpm_annulus/annulus_workspace/quartz_core_2lx1_5lelt_16alpha_10 -I/g/g19/trokon/workspace/nek_4way/Nek5000-lpm_stable/core -I./ /g/g19/trokon/workspace/nek_4way/Nek5000-lpm_stable/core/dssum.f -o obj/dssum.o
mpif77 -c  -O2 -r8 -fpconstant -fpp -DLPM -DMPI -DUNDERSCORE -DTIMER -I/g/g19/trokon/workspace/cmt_Nek_BE_Instrumentation/run/lpm_annulus/annulus_workspace/quartz_core_2lx1_5lelt_16alpha_10 -I/g/g19/trokon/workspace/nek_4way/Nek5000-lpm_stable/core -I./ /g/g19/trokon/workspace/nek_4way/Nek5000-lpm_stable/core/edgec.f -o obj/edgec.o
