This file contains any messages produced by compilers while
running configure, to aid debugging if configure makes a mistake.

It was created by hypre configure 2.11.2, which was
generated by GNU Autoconf 2.69.  Invocation command line was

  $ ./configure --prefix=/g/g19/trokon/workspace/tst_2018_nek5000_lpm_benchmarking_repo/vulcan_benchmarking/tools/amg_hypre/hypre/hypre-2.11.2/src/../.. --without-MPI

## --------- ##
## Platform. ##
## --------- ##

hostname = vulcanlac3
uname -m = ppc64
uname -r = 2.6.32-696.10.3.1chaos.1blueos_small_pages.bl2.2.ppc64
uname -s = Linux
uname -v = #1 SMP Wed Oct 4 15:34:54 PDT 2017

/usr/bin/uname -p = unknown
/bin/uname -X     = unknown

/bin/arch              = ppc64
/usr/bin/arch -k       = unknown
/usr/convex/getsysinfo = unknown
/usr/bin/hostinfo      = unknown
/bin/machine           = unknown
/usr/bin/oslevel       = unknown
/bin/universe          = unknown

PATH: /usr/lib64/qt-3.3/bin
PATH: /usr/local/bin
PATH: /bin
PATH: /usr/bin
PATH: /usr/local/sbin
PATH: /usr/sbin
PATH: /sbin
PATH: /usr/global/tools/git/bgqos_0/git-1.8.4.4/bin
PATH: /opt/ibmcmp/vacpp/bg/12.1/bin
PATH: /opt/ibmcmp/xlf/bg/14.1/bin
PATH: .


## ----------- ##
## Core tests. ##
## ----------- ##

configure:2337: checking build system type
configure:2351: result: powerpc64-unknown-linux-gnu
configure:2375: checking host system type
configure:2388: result: powerpc64-unknown-linux-gnu
configure:3430: checking for xlC
configure:3446: found /opt/ibmcmp/vacpp/bg/12.1/bin/xlC
configure:3457: result: xlC
configure:3755: checking whether make sets $(MAKE)
configure:3777: result: yes
configure:3829: checking for ranlib
configure:3845: found /usr/bin/ranlib
configure:3856: result: ranlib
configure:3929: checking for gcc
configure:3956: result: /usr/bin/gcc
configure:4185: checking for C compiler version
configure:4194: /usr/bin/gcc --version >&5
gcc (GCC) 4.4.7 20120313 (Red Hat 4.4.7-17)
Copyright (C) 2010 Free Software Foundation, Inc.
This is free software; see the source for copying conditions.  There is NO
warranty; not even for MERCHANTABILITY or FITNESS FOR A PARTICULAR PURPOSE.

configure:4205: $? = 0
configure:4194: /usr/bin/gcc -v >&5
Using built-in specs.
Target: ppc64-redhat-linux
Configured with: ../configure --prefix=/usr --mandir=/usr/share/man --infodir=/usr/share/info --with-bugurl=http://bugzilla.redhat.com/bugzilla --enable-bootstrap --enable-shared --enable-threads=posix --enable-checking=release --with-system-zlib --enable-__cxa_atexit --disable-libunwind-exceptions --enable-gnu-unique-object --enable-languages=c,c++,objc,obj-c++,java,fortran,ada --enable-java-awt=gtk --disable-dssi --with-java-home=/usr/lib/jvm/java-1.5.0-gcj-1.5.0.0/jre --enable-libgcj-multifile --enable-java-maintainer-mode --with-ecj-jar=/usr/share/java/eclipse-ecj.jar --disable-libjava-multilib --with-ppl --with-cloog --enable-secureplt --with-long-double-128 --with-cpu-32=power4 --with-tune-32=power6 --with-cpu-64=power4 --with-tune-64=power6 --build=ppc64-redhat-linux
Thread model: posix
gcc version 4.4.7 20120313 (Red Hat 4.4.7-17) (GCC) 
configure:4205: $? = 0
configure:4194: /usr/bin/gcc -V >&5
gcc: '-V' option must have argument
configure:4205: $? = 1
configure:4194: /usr/bin/gcc -qversion >&5
gcc: unrecognized option '-qversion'
gcc: no input files
configure:4205: $? = 1
configure:4225: checking whether the C compiler works
configure:4247: /usr/bin/gcc -mcmodel=medium   conftest.c  >&5
configure:4251: $? = 0
configure:4299: result: yes
configure:4302: checking for C compiler default output file name
configure:4304: result: a.out
configure:4310: checking for suffix of executables
configure:4317: /usr/bin/gcc -o conftest -mcmodel=medium   conftest.c  >&5
configure:4321: $? = 0
configure:4343: result: 
configure:4365: checking whether we are cross compiling
configure:4373: /usr/bin/gcc -o conftest -mcmodel=medium   conftest.c  >&5
configure:4377: $? = 0
configure:4384: ./conftest
configure:4388: $? = 0
configure:4403: result: no
configure:4408: checking for suffix of object files
configure:4430: /usr/bin/gcc -c -mcmodel=medium  conftest.c >&5
configure:4434: $? = 0
configure:4455: result: o
configure:4459: checking whether we are using the GNU C compiler
configure:4478: /usr/bin/gcc -c -mcmodel=medium  conftest.c >&5
configure:4478: $? = 0
configure:4487: result: yes
configure:4496: checking whether /usr/bin/gcc accepts -g
configure:4516: /usr/bin/gcc -c -g  conftest.c >&5
configure:4516: $? = 0
configure:4557: result: yes
configure:4574: checking for /usr/bin/gcc option to accept ISO C89
configure:4637: /usr/bin/gcc  -c -mcmodel=medium  conftest.c >&5
configure:4637: $? = 0
configure:4650: result: none needed
configure:4786: checking for C++ compiler version
configure:4795: xlC --version >&5
/opt/ibmcmp/vacpp/bg/12.1/bin/.orig/xlC: 1501-216 (W) command option --version is not recognized - passed to ld
/opt/ibmcmp/vacpp/bg/12.1/bin/.orig/xlC: 1501-294 (S) No input file specified. Please use -qhelp for more information.
configure:4806: $? = 249
configure:4795: xlC -v >&5
exec: export(export,XL_CONFIG=/etc/opt/ibmcmp/vac/bg/12.1/vac.cfg:xlC,NULL) 
unlink: /var/tmp/trokon/xlcW0EYVx4F
unlink: /var/tmp/trokon/xlcW1OgUBYb
unlink: /var/tmp/trokon/xlcW2cohzSH
/opt/ibmcmp/vacpp/bg/12.1/bin/.orig/xlC: 1501-294 (S) No input file specified. Please use -qhelp for more information.
configure:4806: $? = 249
configure:4795: xlC -V >&5
export XL_CONFIG=/etc/opt/ibmcmp/vac/bg/12.1/vac.cfg:xlC 
rm /var/tmp/trokon/xlcW0nXieJI
rm /var/tmp/trokon/xlcW18x45hh
rm /var/tmp/trokon/xlcW2dDA0QP
/opt/ibmcmp/vacpp/bg/12.1/bin/.orig/xlC: 1501-294 (S) No input file specified. Please use -qhelp for more information.
configure:4806: $? = 249
configure:4795: xlC -qversion >&5
IBM XL C/C++ for Blue Gene, V12.1
Version: 12.01.0000.0014
configure:4806: $? = 0
configure:4810: checking whether we are using the GNU C++ compiler
configure:4829: xlC -c   conftest.cpp >&5
"conftest.cpp", line 23.14: 1540-0040 (S) The text "me" is unexpected.  "choke" may be undeclared or ambiguous.
configure:4829: $? = 1
configure: failed program was:
| /* confdefs.h */
| #define PACKAGE_NAME "hypre"
| #define PACKAGE_TARNAME "hypre"
| #define PACKAGE_VERSION "2.11.2"
| #define PACKAGE_STRING "hypre 2.11.2"
| #define PACKAGE_BUGREPORT ""
| #define PACKAGE_URL ""
| #define HYPRE_RELEASE_NAME "hypre"
| #define HYPRE_RELEASE_VERSION "2.11.2"
| #define HYPRE_RELEASE_DATE "2017/03/13"
| #define HYPRE_RELEASE_TIME "00:00:00"
| #define HYPRE_RELEASE_BUGS "hypre-support@llnl.gov"
| #define HYPRE_MAXDIM 3
| #define HYPRE_FMANGLE 0
| #define HYPRE_FMANGLE_BLAS 0
| #define HYPRE_FMANGLE_LAPACK 0
| /* end confdefs.h.  */
| 
| int
| main ()
| {
| #ifndef __GNUC__
|        choke me
| #endif
| 
|   ;
|   return 0;
| }
configure:4838: result: no
configure:4847: checking whether xlC accepts -g
configure:4867: xlC -c -g  conftest.cpp >&5
configure:4867: $? = 0
configure:4908: result: yes
configure:5041: checking for Fortran compiler version
configure:5050: /usr/bin/gfortran --version >&5
GNU Fortran (GCC) 4.4.7 20120313 (Red Hat 4.4.7-17)
Copyright (C) 2010 Free Software Foundation, Inc.

GNU Fortran comes with NO WARRANTY, to the extent permitted by law.
You may redistribute copies of GNU Fortran
under the terms of the GNU General Public License.
For more information about these matters, see the file named COPYING

configure:5061: $? = 0
configure:5050: /usr/bin/gfortran -v >&5
Using built-in specs.
Target: ppc64-redhat-linux
Configured with: ../configure --prefix=/usr --mandir=/usr/share/man --infodir=/usr/share/info --with-bugurl=http://bugzilla.redhat.com/bugzilla --enable-bootstrap --enable-shared --enable-threads=posix --enable-checking=release --with-system-zlib --enable-__cxa_atexit --disable-libunwind-exceptions --enable-gnu-unique-object --enable-languages=c,c++,objc,obj-c++,java,fortran,ada --enable-java-awt=gtk --disable-dssi --with-java-home=/usr/lib/jvm/java-1.5.0-gcj-1.5.0.0/jre --enable-libgcj-multifile --enable-java-maintainer-mode --with-ecj-jar=/usr/share/java/eclipse-ecj.jar --disable-libjava-multilib --with-ppl --with-cloog --enable-secureplt --with-long-double-128 --with-cpu-32=power4 --with-tune-32=power6 --with-cpu-64=power4 --with-tune-64=power6 --build=ppc64-redhat-linux
Thread model: posix
gcc version 4.4.7 20120313 (Red Hat 4.4.7-17) (GCC) 
configure:5061: $? = 0
configure:5050: /usr/bin/gfortran -V >&5
gfortran: '-V' option must have argument
configure:5061: $? = 1
configure:5050: /usr/bin/gfortran -qversion >&5
gfortran: unrecognized option '-qversion'
gfortran: no input files
configure:5061: $? = 1
configure:5070: checking whether we are using the GNU Fortran compiler
configure:5083: /usr/bin/gfortran -c   conftest.F >&5
configure:5083: $? = 0
configure:5092: result: yes
configure:5098: checking whether /usr/bin/gfortran accepts -g
configure:5109: /usr/bin/gfortran -c -g  conftest.f >&5
configure:5109: $? = 0
configure:5117: result: yes
configure:5151: checking how to get verbose linking output from /usr/bin/gfortran
configure:5161: /usr/bin/gfortran -c -g -O2  conftest.f >&5
configure:5161: $? = 0
configure:5179: /usr/bin/gfortran -o conftest -g -O2 -v conftest.f
Using built-in specs.
Target: ppc64-redhat-linux
Thread model: posix
gcc version 4.4.7 20120313 (Red Hat 4.4.7-17) (GCC) 
 /usr/libexec/gcc/ppc64-redhat-linux/4.4.7/f951 conftest.f -ffixed-form -msecure-plt -quiet -dumpbase conftest.f -mtune=power6 -mcpu=power4 -auxbase conftest -g -O2 -version -fintrinsic-modules-path /usr/lib/gcc/ppc64-redhat-linux/4.4.7/finclude -o /var/tmp/trokon/ccy4EU8S.s
GNU Fortran (GCC) version 4.4.7 20120313 (Red Hat 4.4.7-17) (ppc64-redhat-linux)
	compiled by GNU C version 4.4.7 20120313 (Red Hat 4.4.7-17), GMP version 4.3.1, MPFR version 2.4.1.
GGC heuristics: --param ggc-min-expand=100 --param ggc-min-heapsize=131072
 as -a64 -mpower4 -many -V -Qy -o /var/tmp/trokon/cckHXVwI.o /var/tmp/trokon/ccy4EU8S.s
GNU assembler version 2.20.51.0.2 (ppc64-redhat-linux) using BFD version version 2.20.51.0.2-5.44.el6 20100205
 /usr/libexec/gcc/ppc64-redhat-linux/4.4.7/collect2 --eh-frame-hdr --build-id -V -Qy --hash-style=gnu -m elf64ppc -dynamic-linker /lib64/ld64.so.1 -o conftest /usr/lib/gcc/ppc64-redhat-linux/4.4.7/../../../../lib64/crt1.o /usr/lib/gcc/ppc64-redhat-linux/4.4.7/../../../../lib64/crti.o /usr/lib/gcc/ppc64-redhat-linux/4.4.7/crtbegin.o -L/usr/lib/gcc/ppc64-redhat-linux/4.4.7 -L/usr/lib/gcc/ppc64-redhat-linux/4.4.7 -L/usr/lib/gcc/ppc64-redhat-linux/4.4.7/../../../../lib64 -L/lib/../lib64 -L/usr/lib/../lib64 -L/usr/lib/gcc/ppc64-redhat-linux/4.4.7/../../.. /var/tmp/trokon/cckHXVwI.o -lgfortranbegin -lgfortran -lm -lgcc_s -lgcc -lc -lgcc_s -lgcc /usr/lib/gcc/ppc64-redhat-linux/4.4.7/crtend.o /usr/lib/gcc/ppc64-redhat-linux/4.4.7/../../../../lib64/crtn.o
GNU ld version 2.20.51.0.2-5.44.el6 20100205
  Supported emulations:
   elf64ppc
   elf32ppclinux
   elf32ppc
   elf32ppcsim
   elf32_spu
configure:5262: result: -v
configure:5264: checking for Fortran libraries of /usr/bin/gfortran
configure:5287: /usr/bin/gfortran -o conftest -g -O2 -v conftest.f
Using built-in specs.
Target: ppc64-redhat-linux
Thread model: posix
gcc version 4.4.7 20120313 (Red Hat 4.4.7-17) (GCC) 
 /usr/libexec/gcc/ppc64-redhat-linux/4.4.7/f951 conftest.f -ffixed-form -msecure-plt -quiet -dumpbase conftest.f -mtune=power6 -mcpu=power4 -auxbase conftest -g -O2 -version -fintrinsic-modules-path /usr/lib/gcc/ppc64-redhat-linux/4.4.7/finclude -o /var/tmp/trokon/ccrqo5EX.s
GNU Fortran (GCC) version 4.4.7 20120313 (Red Hat 4.4.7-17) (ppc64-redhat-linux)
	compiled by GNU C version 4.4.7 20120313 (Red Hat 4.4.7-17), GMP version 4.3.1, MPFR version 2.4.1.
GGC heuristics: --param ggc-min-expand=100 --param ggc-min-heapsize=131072
 as -a64 -mpower4 -many -V -Qy -o /var/tmp/trokon/ccr4kq5M.o /var/tmp/trokon/ccrqo5EX.s
GNU assembler version 2.20.51.0.2 (ppc64-redhat-linux) using BFD version version 2.20.51.0.2-5.44.el6 20100205
 /usr/libexec/gcc/ppc64-redhat-linux/4.4.7/collect2 --eh-frame-hdr --build-id -V -Qy --hash-style=gnu -m elf64ppc -dynamic-linker /lib64/ld64.so.1 -o conftest /usr/lib/gcc/ppc64-redhat-linux/4.4.7/../../../../lib64/crt1.o /usr/lib/gcc/ppc64-redhat-linux/4.4.7/../../../../lib64/crti.o /usr/lib/gcc/ppc64-redhat-linux/4.4.7/crtbegin.o -L/usr/lib/gcc/ppc64-redhat-linux/4.4.7 -L/usr/lib/gcc/ppc64-redhat-linux/4.4.7 -L/usr/lib/gcc/ppc64-redhat-linux/4.4.7/../../../../lib64 -L/lib/../lib64 -L/usr/lib/../lib64 -L/usr/lib/gcc/ppc64-redhat-linux/4.4.7/../../.. /var/tmp/trokon/ccr4kq5M.o -lgfortranbegin -lgfortran -lm -lgcc_s -lgcc -lc -lgcc_s -lgcc /usr/lib/gcc/ppc64-redhat-linux/4.4.7/crtend.o /usr/lib/gcc/ppc64-redhat-linux/4.4.7/../../../../lib64/crtn.o
GNU ld version 2.20.51.0.2-5.44.el6 20100205
  Supported emulations:
   elf64ppc
   elf32ppclinux
   elf32ppc
   elf32ppcsim
   elf32_spu
configure:5483: result:  -L/usr/lib/gcc/ppc64-redhat-linux/4.4.7 -L/usr/lib/gcc/ppc64-redhat-linux/4.4.7/../../../../lib64 -L/lib/../lib64 -L/usr/lib/../lib64 -L/usr/lib/gcc/ppc64-redhat-linux/4.4.7/../../.. -lgfortranbegin -lgfortran -lm
configure:5500: checking for dummy main to link with Fortran libraries
configure:5534: /usr/bin/gcc -o conftest -mcmodel=medium   conftest.c   -L/usr/lib/gcc/ppc64-redhat-linux/4.4.7 -L/usr/lib/gcc/ppc64-redhat-linux/4.4.7/../../../../lib64 -L/lib/../lib64 -L/usr/lib/../lib64 -L/usr/lib/gcc/ppc64-redhat-linux/4.4.7/../../.. -lgfortranbegin -lgfortran -lm >&5
configure:5534: $? = 0
configure:5579: result: none
configure:5612: checking for Fortran name-mangling scheme
configure:5625: /usr/bin/gfortran -c -g -O2  conftest.f >&5
configure:5625: $? = 0
configure:5666: /usr/bin/gcc -o conftest -mcmodel=medium   conftest.c cfortran_test.o   -L/usr/lib/gcc/ppc64-redhat-linux/4.4.7 -L/usr/lib/gcc/ppc64-redhat-linux/4.4.7/../../../../lib64 -L/lib/../lib64 -L/usr/lib/../lib64 -L/usr/lib/gcc/ppc64-redhat-linux/4.4.7/../../.. -lgfortranbegin -lgfortran -lm >&5
/var/tmp/trokon/cc6TMnzZ.o:(.text+0x14): undefined reference to `foobar'
collect2: ld returned 1 exit status
configure:5666: $? = 1
configure: failed program was:
| /* confdefs.h */
| #define PACKAGE_NAME "hypre"
| #define PACKAGE_TARNAME "hypre"
| #define PACKAGE_VERSION "2.11.2"
| #define PACKAGE_STRING "hypre 2.11.2"
| #define PACKAGE_BUGREPORT ""
| #define PACKAGE_URL ""
| #define HYPRE_RELEASE_NAME "hypre"
| #define HYPRE_RELEASE_VERSION "2.11.2"
| #define HYPRE_RELEASE_DATE "2017/03/13"
| #define HYPRE_RELEASE_TIME "00:00:00"
| #define HYPRE_RELEASE_BUGS "hypre-support@llnl.gov"
| #define HYPRE_MAXDIM 3
| #define HYPRE_FMANGLE 0
| #define HYPRE_FMANGLE_BLAS 0
| #define HYPRE_FMANGLE_LAPACK 0
| /* end confdefs.h.  */
| 
| /* Override any GCC internal prototype to avoid an error.
|    Use char because int might match the return type of a GCC
|    builtin and then its argument prototype would still apply.  */
| #ifdef __cplusplus
| extern "C"
| #endif
| char foobar ();
| #ifdef FC_DUMMY_MAIN
| #ifndef FC_DUMMY_MAIN_EQ_F77
| #  ifdef __cplusplus
|      extern "C"
| #  endif
|    int FC_DUMMY_MAIN() { return 1; }
| #endif
| #endif
| int
| main ()
| {
| return foobar ();
|   ;
|   return 0;
| }
configure:5666: /usr/bin/gcc -o conftest -mcmodel=medium   conftest.c cfortran_test.o   -L/usr/lib/gcc/ppc64-redhat-linux/4.4.7 -L/usr/lib/gcc/ppc64-redhat-linux/4.4.7/../../../../lib64 -L/lib/../lib64 -L/usr/lib/../lib64 -L/usr/lib/gcc/ppc64-redhat-linux/4.4.7/../../.. -lgfortranbegin -lgfortran -lm >&5
configure:5666: $? = 0
configure:5724: /usr/bin/gcc -o conftest -mcmodel=medium   conftest.c cfortran_test.o   -L/usr/lib/gcc/ppc64-redhat-linux/4.4.7 -L/usr/lib/gcc/ppc64-redhat-linux/4.4.7/../../../../lib64 -L/lib/../lib64 -L/usr/lib/../lib64 -L/usr/lib/gcc/ppc64-redhat-linux/4.4.7/../../.. -lgfortranbegin -lgfortran -lm >&5
configure:5724: $? = 0
configure:5766: result: lower case, underscore, no extra underscore
configure:6752: checking for __gxx_personality_v0 in -lstdc++
configure:6785: /usr/bin/gcc -o conftest -mcmodel=medium   conftest.c -lstdc++   >&5
configure:6785: $? = 0
configure:6794: result: yes
configure:7107: checking for cabs in -lm
configure:7140: /usr/bin/gcc -o conftest -mcmodel=medium   conftest.c -lm   -lstdc++ >&5
conftest.c:30: warning: conflicting types for built-in function 'cabs'
configure:7140: $? = 0
configure:7149: result: yes
configure:7243: checking the hostname
configure:7254: result: vulcanlac3
configure:7258: checking the architecture
configure:7289: result: LINUX
configure:7530: creating ./config.status

## ---------------------- ##
## Running config.status. ##
## ---------------------- ##

This file was extended by hypre config.status 2.11.2, which was
generated by GNU Autoconf 2.69.  Invocation command line was

  CONFIG_FILES    = 
  CONFIG_HEADERS  = 
  CONFIG_LINKS    = 
  CONFIG_COMMANDS = 
  $ ./config.status 

on vulcanlac3

config.status:870: creating config/Makefile.config
config.status:870: creating HYPRE_config.h

## ---------------- ##
## Cache variables. ##
## ---------------- ##

ac_cv_build=powerpc64-unknown-linux-gnu
ac_cv_c_compiler_gnu=yes
ac_cv_cxx_compiler_gnu=no
ac_cv_env_CCC_set=
ac_cv_env_CCC_value=
ac_cv_env_CC_set=set
ac_cv_env_CC_value=/usr/bin/gcc
ac_cv_env_CFLAGS_set=set
ac_cv_env_CFLAGS_value=-mcmodel=medium
ac_cv_env_CPPFLAGS_set=
ac_cv_env_CPPFLAGS_value=
ac_cv_env_CPP_set=
ac_cv_env_CPP_value=
ac_cv_env_CXXFLAGS_set=
ac_cv_env_CXXFLAGS_value=
ac_cv_env_CXX_set=
ac_cv_env_CXX_value=
ac_cv_env_FCFLAGS_set=
ac_cv_env_FCFLAGS_value=
ac_cv_env_FC_set=set
ac_cv_env_FC_value=/usr/bin/gfortran
ac_cv_env_LDFLAGS_set=
ac_cv_env_LDFLAGS_value=
ac_cv_env_LIBS_set=
ac_cv_env_LIBS_value=
ac_cv_env_build_alias_set=
ac_cv_env_build_alias_value=
ac_cv_env_host_alias_set=
ac_cv_env_host_alias_value=
ac_cv_env_target_alias_set=
ac_cv_env_target_alias_value=
ac_cv_fc_compiler_gnu=yes
ac_cv_fc_dummy_main=none
ac_cv_fc_libs=' -L/usr/lib/gcc/ppc64-redhat-linux/4.4.7 -L/usr/lib/gcc/ppc64-redhat-linux/4.4.7/../../../../lib64 -L/lib/../lib64 -L/usr/lib/../lib64 -L/usr/lib/gcc/ppc64-redhat-linux/4.4.7/../../.. -lgfortranbegin -lgfortran -lm'
ac_cv_fc_mangling='lower case, underscore, no extra underscore'
ac_cv_fortran_dummy_main=none
ac_cv_host=powerpc64-unknown-linux-gnu
ac_cv_lib_m_cabs=yes
ac_cv_lib_stdcpp___gxx_personality_v0=yes
ac_cv_objext=o
ac_cv_prog_CXX=xlC
ac_cv_prog_ac_ct_CC=/usr/bin/gcc
ac_cv_prog_ac_ct_RANLIB=ranlib
ac_cv_prog_cc_c89=
ac_cv_prog_cc_g=yes
ac_cv_prog_cxx_g=yes
ac_cv_prog_fc_g=yes
ac_cv_prog_fc_v=-v
ac_cv_prog_make_make_set=yes

## ----------------- ##
## Output variables. ##
## ----------------- ##

AR='ar -rcu'
BLASLIBDIRS=''
BLASLIBS=''
BUILD_CC_SHARED=''
BUILD_CXX_SHARED=''
BUILD_FC_SHARED=''
BUILD_JAVA='0'
BUILD_PYTHON='0'
CALIPER_INCLUDE=''
CALIPER_LIBS=''
CC='/usr/bin/gcc'
CFLAGS='-mcmodel=medium'
CPP=''
CPPFLAGS=''
CXX='xlC'
CXXFLAGS='-O2'
DEFS='-DHAVE_CONFIG_H'
ECHO_C=''
ECHO_N='-n'
ECHO_T=''
EGREP=''
EXEEXT=''
FC='/usr/bin/gfortran'
FCFLAGS='-g -O2'
FCLIBS=' -L/usr/lib/gcc/ppc64-redhat-linux/4.4.7 -L/usr/lib/gcc/ppc64-redhat-linux/4.4.7/../../../../lib64 -L/lib/../lib64 -L/usr/lib/../lib64 -L/usr/lib/gcc/ppc64-redhat-linux/4.4.7/../../.. -lgfortranbegin -lgfortran -lm'
FFLAGS='-O'
FLIBS=''
GREP=''
HOSTNAME='vulcanlac3'
HYPRE_ARCH='LINUX'
HYPRE_BLAS_FILES='/g/g19/trokon/workspace/tst_2018_nek5000_lpm_benchmarking_repo/vulcan_benchmarking/tools/amg_hypre/hypre/hypre-2.11.2/src/blas/*.o'
HYPRE_BLAS_SRC_DIR='/g/g19/trokon/workspace/tst_2018_nek5000_lpm_benchmarking_repo/vulcan_benchmarking/tools/amg_hypre/hypre/hypre-2.11.2/src/blas'
HYPRE_BUGS='hypre-support@llnl.gov'
HYPRE_DATE='2017/03/13'
HYPRE_FEI_BASE_DIR='/g/g19/trokon/workspace/tst_2018_nek5000_lpm_benchmarking_repo/vulcan_benchmarking/tools/amg_hypre/hypre/hypre-2.11.2/src/FEI_mv/fei-base'
HYPRE_FEI_FEMLI_FILES='/g/g19/trokon/workspace/tst_2018_nek5000_lpm_benchmarking_repo/vulcan_benchmarking/tools/amg_hypre/hypre/hypre-2.11.2/src/FEI_mv/femli/*.o'
HYPRE_FEI_HYPRE_FILES='/g/g19/trokon/workspace/tst_2018_nek5000_lpm_benchmarking_repo/vulcan_benchmarking/tools/amg_hypre/hypre/hypre-2.11.2/src/FEI_mv/fei-hypre/*.o'
HYPRE_FEI_SRC_DIR='/g/g19/trokon/workspace/tst_2018_nek5000_lpm_benchmarking_repo/vulcan_benchmarking/tools/amg_hypre/hypre/hypre-2.11.2/src/FEI_mv'
HYPRE_FEI_SUBDIRS='femli SuperLU fei-hypre'
HYPRE_FEI_SUPERLU_FILES='/g/g19/trokon/workspace/tst_2018_nek5000_lpm_benchmarking_repo/vulcan_benchmarking/tools/amg_hypre/hypre/hypre-2.11.2/src/FEI_mv/SuperLU/SRC/*.o'
HYPRE_INCINSTALL='${prefix}/include'
HYPRE_INSTALLDIR='/g/g19/trokon/workspace/tst_2018_nek5000_lpm_benchmarking_repo/vulcan_benchmarking/tools/amg_hypre/hypre/hypre-2.11.2/src/../..'
HYPRE_LAPACK_FILES='/g/g19/trokon/workspace/tst_2018_nek5000_lpm_benchmarking_repo/vulcan_benchmarking/tools/amg_hypre/hypre/hypre-2.11.2/src/lapack/*.o'
HYPRE_LAPACK_SRC_DIR='/g/g19/trokon/workspace/tst_2018_nek5000_lpm_benchmarking_repo/vulcan_benchmarking/tools/amg_hypre/hypre/hypre-2.11.2/src/lapack'
HYPRE_LIBINSTALL='${exec_prefix}/lib'
HYPRE_LIBSUFFIX='.a'
HYPRE_NAME='hypre'
HYPRE_SRCDIR='/g/g19/trokon/workspace/tst_2018_nek5000_lpm_benchmarking_repo/vulcan_benchmarking/tools/amg_hypre/hypre/hypre-2.11.2/src'
HYPRE_TIME='00:00:00'
HYPRE_VERSION='2.11.2'
LAPACKLIBDIRS=''
LAPACKLIBS=''
LDFLAGS=''
LIBOBJS=''
LIBS=' -lstdc++ -lm'
LINK_CC='/usr/bin/gcc'
LINK_CXX='xlC'
LINK_FC='/usr/bin/gfortran'
LTLIBOBJS=''
MPIFLAGS=''
MPIINCLUDE=''
MPILIBDIRS=''
MPILIBS=''
OBJEXT='o'
PACKAGE_BUGREPORT=''
PACKAGE_NAME=''
PACKAGE_STRING=''
PACKAGE_TARNAME=''
PACKAGE_URL=''
PACKAGE_VERSION=''
PATH_SEPARATOR=':'
PYTHON=''
RANLIB='ranlib'
SET_MAKE=''
SHARED_BUILD_FLAG=''
SHARED_COMPILE_FLAG=''
SHARED_OPTIONS=''
SHARED_SET_SONAME=''
SHELL='/bin/sh'
ac_ct_CC='/usr/bin/gcc'
ac_ct_CXX=''
ac_ct_FC=''
bindir='${exec_prefix}/bin'
build='powerpc64-unknown-linux-gnu'
build_alias=''
build_cpu='powerpc64'
build_os='linux-gnu'
build_vendor='unknown'
datadir='${datarootdir}'
datarootdir='${prefix}/share'
docdir='${datarootdir}/doc/${PACKAGE_TARNAME}'
dvidir='${docdir}'
exec_prefix='${prefix}'
host='powerpc64-unknown-linux-gnu'
host_alias=''
host_cpu='powerpc64'
host_os='linux-gnu'
host_vendor='unknown'
htmldir='${docdir}'
includedir='${prefix}/include'
infodir='${datarootdir}/info'
libdir='${exec_prefix}/lib'
libexecdir='${exec_prefix}/libexec'
localedir='${datarootdir}/locale'
localstatedir='${prefix}/var'
mandir='${datarootdir}/man'
oldincludedir='/usr/include'
pdfdir='${docdir}'
prefix='/g/g19/trokon/workspace/tst_2018_nek5000_lpm_benchmarking_repo/vulcan_benchmarking/tools/amg_hypre/hypre/hypre-2.11.2/src/../..'
program_transform_name='s,x,x,'
psdir='${docdir}'
sbindir='${exec_prefix}/sbin'
sharedstatedir='${prefix}/com'
sysconfdir='${prefix}/etc'
target_alias=''

## ----------- ##
## confdefs.h. ##
## ----------- ##

/* confdefs.h */
#define PACKAGE_NAME "hypre"
#define PACKAGE_TARNAME "hypre"
#define PACKAGE_VERSION "2.11.2"
#define PACKAGE_STRING "hypre 2.11.2"
#define PACKAGE_BUGREPORT ""
#define PACKAGE_URL ""
#define HYPRE_RELEASE_NAME "hypre"
#define HYPRE_RELEASE_VERSION "2.11.2"
#define HYPRE_RELEASE_DATE "2017/03/13"
#define HYPRE_RELEASE_TIME "00:00:00"
#define HYPRE_RELEASE_BUGS "hypre-support@llnl.gov"
#define HYPRE_MAXDIM 3
#define HYPRE_FMANGLE 0
#define HYPRE_FMANGLE_BLAS 0
#define HYPRE_FMANGLE_LAPACK 0
#define FC_FUNC(name,NAME) name ## _
#define FC_FUNC_(name,NAME) name ## _
#define HYPRE_SEQUENTIAL 1
#define HYPRE_USING_HYPRE_BLAS 1
#define HYPRE_USING_HYPRE_LAPACK 1
#define HYPRE_LINUX 1

configure: exit 0
